  [1m[35m (2694.9ms)[0m  [1m[35mCREATE DATABASE "auth_development" ENCODING = 'unicode'[0m
  [1m[35m (37.3ms)[0m  [1m[35mCREATE TABLE "schema_migrations" ("version" character varying NOT NULL PRIMARY KEY)[0m
  [1m[35m (23.7ms)[0m  [1m[35mCREATE TABLE "ar_internal_metadata" ("key" character varying NOT NULL PRIMARY KEY, "value" character varying, "created_at" timestamp(6) NOT NULL, "updated_at" timestamp(6) NOT NULL)[0m
  [1m[35m (0.3ms)[0m  [1m[34mSELECT pg_try_advisory_lock(439837519115335530)[0m
  [1m[36mActiveRecord::SchemaMigration Load (0.6ms)[0m  [1m[34mSELECT "schema_migrations"."version" FROM "schema_migrations" ORDER BY "schema_migrations"."version" ASC[0m
  [1m[36mActiveRecord::InternalMetadata Load (0.9ms)[0m  [1m[34mSELECT * FROM "ar_internal_metadata" WHERE "ar_internal_metadata"."key" = $1 ORDER BY "ar_internal_metadata"."key" ASC LIMIT 1[0m  [[nil, "environment"]]
  [1m[36mActiveRecord::InternalMetadata Create (13.2ms)[0m  [1m[32mINSERT INTO "ar_internal_metadata" ("key", "value", "created_at", "updated_at") VALUES ('environment', 'development', '2024-04-25 19:12:52.686291', '2024-04-25 19:12:52.686295') RETURNING "key"[0m
  [1m[35m (0.4ms)[0m  [1m[34mSELECT pg_advisory_unlock(439837519115335530)[0m
  [1m[36mActiveRecord::SchemaMigration Load (0.4ms)[0m  [1m[34mSELECT "schema_migrations"."version" FROM "schema_migrations" ORDER BY "schema_migrations"."version" ASC[0m
  [1m[35m (132.3ms)[0m  [1m[35mCREATE DATABASE "auth_test" ENCODING = 'unicode'[0m
  [1m[35mSQL (0.6ms)[0m  [1m[35mCREATE EXTENSION IF NOT EXISTS "plpgsql"[0m
  [1m[35m (35.0ms)[0m  [1m[35mCREATE TABLE "schema_migrations" ("version" character varying NOT NULL PRIMARY KEY)[0m
  [1m[36mActiveRecord::SchemaMigration Load (1.3ms)[0m  [1m[34mSELECT "schema_migrations"."version" FROM "schema_migrations" ORDER BY "schema_migrations"."version" ASC[0m
  [1m[35m (9.1ms)[0m  [1m[32mINSERT INTO "schema_migrations" (version) VALUES (0)[0m
  [1m[35m (42.4ms)[0m  [1m[35mCREATE TABLE "ar_internal_metadata" ("key" character varying NOT NULL PRIMARY KEY, "value" character varying, "created_at" timestamp(6) NOT NULL, "updated_at" timestamp(6) NOT NULL)[0m
  [1m[36mActiveRecord::InternalMetadata Load (1.1ms)[0m  [1m[34mSELECT * FROM "ar_internal_metadata" WHERE "ar_internal_metadata"."key" = $1 ORDER BY "ar_internal_metadata"."key" ASC LIMIT 1[0m  [[nil, "environment"]]
  [1m[36mActiveRecord::InternalMetadata Create (11.4ms)[0m  [1m[32mINSERT INTO "ar_internal_metadata" ("key", "value", "created_at", "updated_at") VALUES ('environment', 'development', '2024-04-25 19:12:53.039835', '2024-04-25 19:12:53.039839') RETURNING "key"[0m
  [1m[36mActiveRecord::InternalMetadata Load (0.6ms)[0m  [1m[34mSELECT * FROM "ar_internal_metadata" WHERE "ar_internal_metadata"."key" = $1 ORDER BY "ar_internal_metadata"."key" ASC LIMIT 1[0m  [[nil, "environment"]]
  [1m[36mActiveRecord::InternalMetadata Update (8.1ms)[0m  [1m[33mUPDATE "ar_internal_metadata" SET "value" = 'test', "updated_at" = '2024-04-25 19:12:53.055982' WHERE "ar_internal_metadata"."key" = 'environment'[0m
  [1m[36mActiveRecord::InternalMetadata Load (0.8ms)[0m  [1m[34mSELECT * FROM "ar_internal_metadata" WHERE "ar_internal_metadata"."key" = $1 ORDER BY "ar_internal_metadata"."key" ASC LIMIT 1[0m  [[nil, "schema_sha1"]]
  [1m[36mActiveRecord::InternalMetadata Create (8.0ms)[0m  [1m[32mINSERT INTO "ar_internal_metadata" ("key", "value", "created_at", "updated_at") VALUES ('schema_sha1', '34f0d9df3e6593e2828215d39b5de559fd82053b', '2024-04-25 19:12:53.067760', '2024-04-25 19:12:53.067764') RETURNING "key"[0m
  [1m[35m (1.2ms)[0m  [1m[34mSELECT pg_try_advisory_lock(8487102543092922840)[0m
  [1m[36mActiveRecord::SchemaMigration Load (0.5ms)[0m  [1m[34mSELECT "schema_migrations"."version" FROM "schema_migrations" ORDER BY "schema_migrations"."version" ASC[0m
  [1m[36mActiveRecord::InternalMetadata Load (0.3ms)[0m  [1m[34mSELECT * FROM "ar_internal_metadata" WHERE "ar_internal_metadata"."key" = $1 ORDER BY "ar_internal_metadata"."key" ASC LIMIT 1[0m  [[nil, "environment"]]
  [1m[35m (0.3ms)[0m  [1m[34mSELECT pg_advisory_unlock(8487102543092922840)[0m
  [1m[36mActiveRecord::SchemaMigration Load (0.3ms)[0m  [1m[34mSELECT "schema_migrations"."version" FROM "schema_migrations" ORDER BY "schema_migrations"."version" ASC[0m
  [1m[35m (0.3ms)[0m  [1m[34mSELECT pg_try_advisory_lock(439837519115335530)[0m
  [1m[36mActiveRecord::SchemaMigration Load (0.9ms)[0m  [1m[34mSELECT "schema_migrations"."version" FROM "schema_migrations" ORDER BY "schema_migrations"."version" ASC[0m
  [1m[36mActiveRecord::InternalMetadata Load (1.1ms)[0m  [1m[34mSELECT * FROM "ar_internal_metadata" WHERE "ar_internal_metadata"."key" = $1 ORDER BY "ar_internal_metadata"."key" ASC LIMIT 1[0m  [[nil, "environment"]]
Migrating to CreateArticles (20240425191602)
  [1m[36mTRANSACTION (0.3ms)[0m  [1m[35mBEGIN[0m
  [1m[35m (1706.8ms)[0m  [1m[35mCREATE TABLE "articles" ("id" bigserial primary key, "title" character varying, "content" text, "created_at" timestamp(6) NOT NULL, "updated_at" timestamp(6) NOT NULL)[0m
  [1m[36mActiveRecord::SchemaMigration Create (1.7ms)[0m  [1m[32mINSERT INTO "schema_migrations" ("version") VALUES ('20240425191602') RETURNING "version"[0m
  [1m[36mTRANSACTION (470.5ms)[0m  [1m[35mCOMMIT[0m
  [1m[35m (0.6ms)[0m  [1m[34mSELECT pg_advisory_unlock(439837519115335530)[0m
  [1m[36mActiveRecord::SchemaMigration Load (1.2ms)[0m  [1m[34mSELECT "schema_migrations"."version" FROM "schema_migrations" ORDER BY "schema_migrations"."version" ASC[0m
Started GET "/" for ::1 at 2024-04-25 16:27:18 -0300
  [1m[36mActiveRecord::SchemaMigration Load (0.8ms)[0m  [1m[34mSELECT "schema_migrations"."version" FROM "schema_migrations" ORDER BY "schema_migrations"."version" ASC[0m
Processing by HomeController#index as HTML
  Rendering layout layouts/application.html.erb
  Rendering home/index.html.erb within layouts/application
  Rendered home/index.html.erb within layouts/application (Duration: 0.9ms | Allocations: 187)
  Rendered shared/_nav.html.erb (Duration: 0.6ms | Allocations: 282)
  Rendered layout layouts/application.html.erb (Duration: 810.4ms | Allocations: 140212)
Completed 200 OK in 1070ms (Views: 916.4ms | ActiveRecord: 0.0ms | Allocations: 147767)


Started GET "/articles" for ::1 at 2024-04-25 16:27:24 -0300
Processing by ArticlesController#index as HTML
  Rendering layout layouts/application.html.erb
  Rendering articles/index.html.erb within layouts/application
  [1m[36mArticle Load (1.1ms)[0m  [1m[34mSELECT "articles".* FROM "articles"[0m
  ↳ app/views/articles/index.html.erb:12
  Rendered collection of templates [0 times] (Duration: 0.0ms | Allocations: 27)
  Rendered articles/index.html.erb within layouts/application (Duration: 93.6ms | Allocations: 6656)
  Rendered shared/_nav.html.erb (Duration: 0.2ms | Allocations: 39)
  Rendered layout layouts/application.html.erb (Duration: 101.2ms | Allocations: 12102)
Completed 200 OK in 466ms (Views: 86.0ms | ActiveRecord: 17.6ms | Allocations: 21377)


Started GET "/articles" for ::1 at 2024-04-25 16:27:25 -0300
Processing by ArticlesController#index as HTML
  Rendering layout layouts/application.html.erb
  Rendering articles/index.html.erb within layouts/application
  [1m[36mArticle Load (0.5ms)[0m  [1m[34mSELECT "articles".* FROM "articles"[0m
  ↳ app/views/articles/index.html.erb:12
  Rendered collection of templates [0 times] (Duration: 0.0ms | Allocations: 10)
  Rendered articles/index.html.erb within layouts/application (Duration: 4.1ms | Allocations: 753)
  Rendered shared/_nav.html.erb (Duration: 0.1ms | Allocations: 39)
  Rendered layout layouts/application.html.erb (Duration: 15.2ms | Allocations: 6185)
Completed 200 OK in 17ms (Views: 15.4ms | ActiveRecord: 0.5ms | Allocations: 6447)


Started GET "/articles" for ::1 at 2024-04-25 16:27:26 -0300
Processing by ArticlesController#index as HTML
  Rendering layout layouts/application.html.erb
  Rendering articles/index.html.erb within layouts/application
  [1m[36mArticle Load (0.5ms)[0m  [1m[34mSELECT "articles".* FROM "articles"[0m
  ↳ app/views/articles/index.html.erb:12
  Rendered collection of templates [0 times] (Duration: 0.0ms | Allocations: 10)
  Rendered articles/index.html.erb within layouts/application (Duration: 2.6ms | Allocations: 733)
  Rendered shared/_nav.html.erb (Duration: 0.1ms | Allocations: 39)
  Rendered layout layouts/application.html.erb (Duration: 12.2ms | Allocations: 6165)
Completed 200 OK in 13ms (Views: 12.3ms | ActiveRecord: 0.5ms | Allocations: 6427)


Started GET "/" for ::1 at 2024-04-25 16:27:26 -0300
Processing by HomeController#index as HTML
  Rendering layout layouts/application.html.erb
  Rendering home/index.html.erb within layouts/application
  Rendered home/index.html.erb within layouts/application (Duration: 0.0ms | Allocations: 7)
  Rendered shared/_nav.html.erb (Duration: 0.2ms | Allocations: 52)
  Rendered layout layouts/application.html.erb (Duration: 10.7ms | Allocations: 5647)
Completed 200 OK in 12ms (Views: 11.2ms | ActiveRecord: 0.0ms | Allocations: 5895)


Started GET "/articles" for ::1 at 2024-04-25 16:27:27 -0300
Processing by ArticlesController#index as HTML
  Rendering layout layouts/application.html.erb
  Rendering articles/index.html.erb within layouts/application
  [1m[36mArticle Load (0.6ms)[0m  [1m[34mSELECT "articles".* FROM "articles"[0m
  ↳ app/views/articles/index.html.erb:12
  Rendered collection of templates [0 times] (Duration: 0.0ms | Allocations: 10)
  Rendered articles/index.html.erb within layouts/application (Duration: 3.1ms | Allocations: 742)
  Rendered shared/_nav.html.erb (Duration: 0.1ms | Allocations: 39)
  Rendered layout layouts/application.html.erb (Duration: 13.2ms | Allocations: 6174)
Completed 200 OK in 14ms (Views: 13.2ms | ActiveRecord: 0.5ms | Allocations: 6436)


Started GET "/articles/new" for ::1 at 2024-04-25 16:27:28 -0300
Processing by ArticlesController#new as HTML
  Rendering layout layouts/application.html.erb
  Rendering articles/new.html.erb within layouts/application
  Rendered articles/_form.html.erb (Duration: 10.5ms | Allocations: 2579)
  Rendered articles/new.html.erb within layouts/application (Duration: 11.4ms | Allocations: 2870)
  Rendered shared/_nav.html.erb (Duration: 0.1ms | Allocations: 38)
  Rendered layout layouts/application.html.erb (Duration: 18.6ms | Allocations: 8312)
Completed 200 OK in 46ms (Views: 19.1ms | ActiveRecord: 5.7ms | Allocations: 17020)


Started GET "/" for ::1 at 2024-04-25 16:27:29 -0300
Processing by HomeController#index as HTML
  Rendering layout layouts/application.html.erb
  Rendering home/index.html.erb within layouts/application
  Rendered home/index.html.erb within layouts/application (Duration: 0.0ms | Allocations: 7)
  Rendered shared/_nav.html.erb (Duration: 0.2ms | Allocations: 52)
  Rendered layout layouts/application.html.erb (Duration: 11.5ms | Allocations: 5645)
Completed 200 OK in 12ms (Views: 11.9ms | ActiveRecord: 0.0ms | Allocations: 5891)


Started GET "/articles" for ::1 at 2024-04-25 16:27:30 -0300
Processing by ArticlesController#index as HTML
  Rendering layout layouts/application.html.erb
  Rendering articles/index.html.erb within layouts/application
  [1m[36mArticle Load (1.2ms)[0m  [1m[34mSELECT "articles".* FROM "articles"[0m
  ↳ app/views/articles/index.html.erb:12
  Rendered collection of templates [0 times] (Duration: 0.0ms | Allocations: 10)
  Rendered articles/index.html.erb within layouts/application (Duration: 3.6ms | Allocations: 743)
  Rendered shared/_nav.html.erb (Duration: 0.1ms | Allocations: 39)
  Rendered layout layouts/application.html.erb (Duration: 15.0ms | Allocations: 6175)
Completed 200 OK in 16ms (Views: 14.4ms | ActiveRecord: 1.2ms | Allocations: 6432)


Started GET "/" for ::1 at 2024-04-25 16:27:31 -0300
Processing by HomeController#index as HTML
  Rendering layout layouts/application.html.erb
  Rendering home/index.html.erb within layouts/application
  Rendered home/index.html.erb within layouts/application (Duration: 0.0ms | Allocations: 7)
  Rendered shared/_nav.html.erb (Duration: 0.2ms | Allocations: 52)
  Rendered layout layouts/application.html.erb (Duration: 10.1ms | Allocations: 5659)
Completed 200 OK in 11ms (Views: 10.5ms | ActiveRecord: 0.0ms | Allocations: 5905)


Started GET "/articles" for ::1 at 2024-04-25 16:28:54 -0300
Processing by ArticlesController#index as HTML
  Rendering layout layouts/application.html.erb
  Rendering articles/index.html.erb within layouts/application
  [1m[36mArticle Load (0.8ms)[0m  [1m[34mSELECT "articles".* FROM "articles"[0m
  ↳ app/views/articles/index.html.erb:12
  Rendered collection of templates [0 times] (Duration: 0.0ms | Allocations: 10)
  Rendered articles/index.html.erb within layouts/application (Duration: 3.1ms | Allocations: 745)
  Rendered shared/_nav.html.erb (Duration: 0.1ms | Allocations: 39)
  Rendered layout layouts/application.html.erb (Duration: 12.7ms | Allocations: 6177)
Completed 200 OK in 14ms (Views: 12.5ms | ActiveRecord: 0.8ms | Allocations: 6433)


Started GET "/articles" for ::1 at 2024-04-25 16:28:54 -0300
Processing by ArticlesController#index as HTML
  Rendering layout layouts/application.html.erb
  Rendering articles/index.html.erb within layouts/application
  [1m[36mArticle Load (0.8ms)[0m  [1m[34mSELECT "articles".* FROM "articles"[0m
  ↳ app/views/articles/index.html.erb:12
  Rendered collection of templates [0 times] (Duration: 0.0ms | Allocations: 10)
  Rendered articles/index.html.erb within layouts/application (Duration: 4.6ms | Allocations: 751)
  Rendered shared/_nav.html.erb (Duration: 0.2ms | Allocations: 39)
  Rendered layout layouts/application.html.erb (Duration: 19.9ms | Allocations: 6183)
Completed 200 OK in 22ms (Views: 20.1ms | ActiveRecord: 0.8ms | Allocations: 6439)


Started GET "/articles/new" for ::1 at 2024-04-25 16:28:55 -0300
Processing by ArticlesController#new as HTML
  Rendering layout layouts/application.html.erb
  Rendering articles/new.html.erb within layouts/application
  Rendered articles/_form.html.erb (Duration: 1.4ms | Allocations: 776)
  Rendered articles/new.html.erb within layouts/application (Duration: 1.7ms | Allocations: 859)
  Rendered shared/_nav.html.erb (Duration: 0.1ms | Allocations: 38)
  Rendered layout layouts/application.html.erb (Duration: 8.5ms | Allocations: 6289)
Completed 200 OK in 10ms (Views: 9.2ms | ActiveRecord: 0.0ms | Allocations: 6551)


Started GET "/articles" for ::1 at 2024-04-25 16:29:00 -0300
Processing by ArticlesController#index as HTML
  Rendering layout layouts/application.html.erb
  Rendering articles/index.html.erb within layouts/application
  [1m[36mArticle Load (0.7ms)[0m  [1m[34mSELECT "articles".* FROM "articles"[0m
  ↳ app/views/articles/index.html.erb:12
  Rendered collection of templates [0 times] (Duration: 0.0ms | Allocations: 10)
  Rendered articles/index.html.erb within layouts/application (Duration: 2.4ms | Allocations: 760)
  Rendered shared/_nav.html.erb (Duration: 0.3ms | Allocations: 39)
  Rendered layout layouts/application.html.erb (Duration: 21.4ms | Allocations: 6197)
Completed 200 OK in 23ms (Views: 21.3ms | ActiveRecord: 0.7ms | Allocations: 6454)


Started GET "/articles" for ::1 at 2024-04-25 16:29:31 -0300
  [1m[36mActiveRecord::SchemaMigration Load (1.1ms)[0m  [1m[34mSELECT "schema_migrations"."version" FROM "schema_migrations" ORDER BY "schema_migrations"."version" ASC[0m
Processing by ArticlesController#index as HTML
  Rendering layout layouts/application.html.erb
  Rendering articles/index.html.erb within layouts/application
  [1m[36mArticle Load (0.5ms)[0m  [1m[34mSELECT "articles".* FROM "articles"[0m
  ↳ app/views/articles/index.html.erb:12
  Rendered collection of templates [0 times] (Duration: 0.0ms | Allocations: 27)
  Rendered articles/index.html.erb within layouts/application (Duration: 34.7ms | Allocations: 5550)
  Rendered shared/_nav.html.erb (Duration: 0.6ms | Allocations: 177)
  Rendered layout layouts/application.html.erb (Duration: 40.8ms | Allocations: 8964)
Completed 200 OK in 77ms (Views: 43.4ms | ActiveRecord: 6.1ms | Allocations: 18817)


Started GET "/articles/new" for ::1 at 2024-04-25 16:29:34 -0300
Processing by ArticlesController#new as HTML
  Rendering layout layouts/application.html.erb
  Rendering articles/new.html.erb within layouts/application
  Rendered articles/_form.html.erb (Duration: 6.4ms | Allocations: 2113)
  Rendered articles/new.html.erb within layouts/application (Duration: 7.4ms | Allocations: 2400)
  Rendered shared/_nav.html.erb (Duration: 0.1ms | Allocations: 38)
  Rendered layout layouts/application.html.erb (Duration: 9.4ms | Allocations: 3003)
Completed 200 OK in 32ms (Views: 10.0ms | ActiveRecord: 5.8ms | Allocations: 11533)


Started POST "/articles" for ::1 at 2024-04-25 16:29:40 -0300
Processing by ArticlesController#create as TURBO_STREAM
  Parameters: {"authenticity_token"=>"[FILTERED]", "article"=>{"title"=>"teste", "content"=>"Teste"}, "commit"=>"Create Article"}
  [1m[36mTRANSACTION (0.4ms)[0m  [1m[35mBEGIN[0m
  ↳ app/controllers/articles_controller.rb:27:in `block in create'
  [1m[36mArticle Create (22.9ms)[0m  [1m[32mINSERT INTO "articles" ("title", "content", "created_at", "updated_at") VALUES ($1, $2, $3, $4) RETURNING "id"[0m  [["title", "teste"], ["content", "Teste"], ["created_at", "2024-04-25 19:29:40.196726"], ["updated_at", "2024-04-25 19:29:40.196726"]]
  ↳ app/controllers/articles_controller.rb:27:in `block in create'
  [1m[36mTRANSACTION (98.3ms)[0m  [1m[35mCOMMIT[0m
  ↳ app/controllers/articles_controller.rb:27:in `block in create'
Redirected to http://localhost:3000/articles/1
Completed 302 Found in 130ms (ActiveRecord: 121.5ms | Allocations: 3519)


Started GET "/articles/1" for ::1 at 2024-04-25 16:29:40 -0300
Processing by ArticlesController#show as TURBO_STREAM
  Parameters: {"id"=>"1"}
  [1m[36mArticle Load (0.3ms)[0m  [1m[34mSELECT "articles".* FROM "articles" WHERE "articles"."id" = $1 LIMIT $2[0m  [["id", 1], ["LIMIT", 1]]
  ↳ app/controllers/articles_controller.rb:63:in `set_article'
  Rendering layout layouts/application.html.erb
  Rendering articles/show.html.erb within layouts/application
  Rendered articles/_article.html.erb (Duration: 0.8ms | Allocations: 271)
  Rendered articles/show.html.erb within layouts/application (Duration: 3.8ms | Allocations: 1410)
  Rendered shared/_nav.html.erb (Duration: 0.2ms | Allocations: 38)
  Rendered layout layouts/application.html.erb (Duration: 5.6ms | Allocations: 2009)
Completed 200 OK in 16ms (Views: 6.0ms | ActiveRecord: 0.4ms | Allocations: 5065)


Started GET "/articles/1/edit" for ::1 at 2024-04-25 16:29:44 -0300
Processing by ArticlesController#edit as HTML
  Parameters: {"id"=>"1"}
  [1m[36mArticle Load (0.3ms)[0m  [1m[34mSELECT "articles".* FROM "articles" WHERE "articles"."id" = $1 LIMIT $2[0m  [["id", 1], ["LIMIT", 1]]
  ↳ app/controllers/articles_controller.rb:63:in `set_article'
  Rendering layout layouts/application.html.erb
  Rendering articles/edit.html.erb within layouts/application
  Rendered articles/_form.html.erb (Duration: 1.6ms | Allocations: 822)
  Rendered articles/edit.html.erb within layouts/application (Duration: 2.5ms | Allocations: 1101)
  Rendered shared/_nav.html.erb (Duration: 0.1ms | Allocations: 38)
  Rendered layout layouts/application.html.erb (Duration: 4.1ms | Allocations: 1700)
Completed 200 OK in 7ms (Views: 4.6ms | ActiveRecord: 0.3ms | Allocations: 2448)


Started PATCH "/articles/1" for ::1 at 2024-04-25 16:29:51 -0300
Processing by ArticlesController#update as TURBO_STREAM
  Parameters: {"authenticity_token"=>"[FILTERED]", "article"=>{"title"=>"teste", "content"=>"Testando esse artigo"}, "commit"=>"Update Article", "id"=>"1"}
  [1m[36mArticle Load (0.3ms)[0m  [1m[34mSELECT "articles".* FROM "articles" WHERE "articles"."id" = $1 LIMIT $2[0m  [["id", 1], ["LIMIT", 1]]
  ↳ app/controllers/articles_controller.rb:63:in `set_article'
  [1m[36mTRANSACTION (0.3ms)[0m  [1m[35mBEGIN[0m
  ↳ app/controllers/articles_controller.rb:40:in `block in update'
  [1m[36mArticle Update (2.5ms)[0m  [1m[33mUPDATE "articles" SET "content" = $1, "updated_at" = $2 WHERE "articles"."id" = $3[0m  [["content", "Testando esse artigo"], ["updated_at", "2024-04-25 19:29:51.478557"], ["id", 1]]
  ↳ app/controllers/articles_controller.rb:40:in `block in update'
  [1m[36mTRANSACTION (7.1ms)[0m  [1m[35mCOMMIT[0m
  ↳ app/controllers/articles_controller.rb:40:in `block in update'
Redirected to http://localhost:3000/articles/1
Completed 302 Found in 16ms (ActiveRecord: 10.0ms | Allocations: 2628)


Started GET "/articles/1" for ::1 at 2024-04-25 16:29:51 -0300
Processing by ArticlesController#show as TURBO_STREAM
  Parameters: {"id"=>"1"}
  [1m[36mArticle Load (0.3ms)[0m  [1m[34mSELECT "articles".* FROM "articles" WHERE "articles"."id" = $1 LIMIT $2[0m  [["id", 1], ["LIMIT", 1]]
  ↳ app/controllers/articles_controller.rb:63:in `set_article'
  Rendering layout layouts/application.html.erb
  Rendering articles/show.html.erb within layouts/application
  Rendered articles/_article.html.erb (Duration: 0.1ms | Allocations: 21)
  Rendered articles/show.html.erb within layouts/application (Duration: 2.7ms | Allocations: 500)
  Rendered shared/_nav.html.erb (Duration: 0.3ms | Allocations: 38)
  Rendered layout layouts/application.html.erb (Duration: 5.9ms | Allocations: 1099)
Completed 200 OK in 8ms (Views: 6.6ms | ActiveRecord: 0.3ms | Allocations: 1768)


Started GET "/articles" for ::1 at 2024-04-25 16:29:52 -0300
Processing by ArticlesController#index as HTML
  Rendering layout layouts/application.html.erb
  Rendering articles/index.html.erb within layouts/application
  [1m[36mArticle Load (0.9ms)[0m  [1m[34mSELECT "articles".* FROM "articles"[0m
  ↳ app/views/articles/index.html.erb:12
  Rendered collection of articles/_article.html.erb [1 times] (Duration: 1.3ms | Allocations: 329)
  Rendered articles/index.html.erb within layouts/application (Duration: 7.1ms | Allocations: 1164)
  Rendered shared/_nav.html.erb (Duration: 0.1ms | Allocations: 39)
  Rendered layout layouts/application.html.erb (Duration: 8.7ms | Allocations: 1769)
Completed 200 OK in 10ms (Views: 8.3ms | ActiveRecord: 0.9ms | Allocations: 2027)


Started GET "/" for ::1 at 2024-04-25 16:29:55 -0300
Processing by HomeController#index as HTML
  Rendering layout layouts/application.html.erb
  Rendering home/index.html.erb within layouts/application
  Rendered home/index.html.erb within layouts/application (Duration: 0.4ms | Allocations: 93)
  Rendered shared/_nav.html.erb (Duration: 0.2ms | Allocations: 58)
  Rendered layout layouts/application.html.erb (Duration: 2.5ms | Allocations: 927)
Completed 200 OK in 4ms (Views: 3.3ms | ActiveRecord: 0.0ms | Allocations: 1440)


Started GET "/articles" for ::1 at 2024-04-25 16:30:05 -0300
Processing by ArticlesController#index as HTML
  Rendering layout layouts/application.html.erb
  Rendering articles/index.html.erb within layouts/application
  [1m[36mArticle Load (1.0ms)[0m  [1m[34mSELECT "articles".* FROM "articles"[0m
  ↳ app/views/articles/index.html.erb:12
  Rendered collection of articles/_article.html.erb [1 times] (Duration: 0.3ms | Allocations: 85)
  Rendered articles/index.html.erb within layouts/application (Duration: 5.1ms | Allocations: 884)
  Rendered shared/_nav.html.erb (Duration: 0.1ms | Allocations: 39)
  Rendered layout layouts/application.html.erb (Duration: 6.7ms | Allocations: 1489)
Completed 200 OK in 9ms (Views: 6.9ms | ActiveRecord: 1.0ms | Allocations: 1747)


Started GET "/" for ::1 at 2024-04-25 16:36:35 -0300
  
NoMethodError (undefined method `devise_for' for an instance of ActionDispatch::Routing::Mapper):
  
config/routes.rb:2:in `block in <main>'
config/routes.rb:1:in `<main>'
  [1m[35m (0.4ms)[0m  [1m[34mSELECT pg_try_advisory_lock(439837519115335530)[0m
  [1m[36mActiveRecord::SchemaMigration Load (1.0ms)[0m  [1m[34mSELECT "schema_migrations"."version" FROM "schema_migrations" ORDER BY "schema_migrations"."version" ASC[0m
  [1m[36mActiveRecord::InternalMetadata Load (0.8ms)[0m  [1m[34mSELECT * FROM "ar_internal_metadata" WHERE "ar_internal_metadata"."key" = $1 ORDER BY "ar_internal_metadata"."key" ASC LIMIT 1[0m  [[nil, "environment"]]
Migrating to DeviseCreateUsers (20240425193557)
  [1m[36mTRANSACTION (0.3ms)[0m  [1m[35mBEGIN[0m
  [1m[35m (68.6ms)[0m  [1m[35mCREATE TABLE "users" ("id" bigserial primary key, "email" character varying DEFAULT '' NOT NULL, "encrypted_password" character varying DEFAULT '' NOT NULL, "reset_password_token" character varying, "reset_password_sent_at" timestamp(6), "remember_created_at" timestamp(6), "created_at" timestamp(6) NOT NULL, "updated_at" timestamp(6) NOT NULL)[0m
  [1m[35m (13.0ms)[0m  [1m[35mCREATE UNIQUE INDEX "index_users_on_email" ON "users" ("email")[0m
  [1m[35m (10.2ms)[0m  [1m[35mCREATE UNIQUE INDEX "index_users_on_reset_password_token" ON "users" ("reset_password_token")[0m
  [1m[36mActiveRecord::SchemaMigration Create (0.5ms)[0m  [1m[32mINSERT INTO "schema_migrations" ("version") VALUES ('20240425193557') RETURNING "version"[0m
  [1m[36mTRANSACTION (11.1ms)[0m  [1m[35mCOMMIT[0m
  [1m[35m (0.4ms)[0m  [1m[34mSELECT pg_advisory_unlock(439837519115335530)[0m
  [1m[36mActiveRecord::SchemaMigration Load (0.4ms)[0m  [1m[34mSELECT "schema_migrations"."version" FROM "schema_migrations" ORDER BY "schema_migrations"."version" ASC[0m
Started GET "/" for ::1 at 2024-04-25 16:36:50 -0300
  
NoMethodError (undefined method `devise_for' for an instance of ActionDispatch::Routing::Mapper):
  
config/routes.rb:2:in `block in <main>'
config/routes.rb:1:in `<main>'
Started GET "/" for ::1 at 2024-04-25 16:37:06 -0300
  [1m[36mActiveRecord::SchemaMigration Load (1.4ms)[0m  [1m[34mSELECT "schema_migrations"."version" FROM "schema_migrations" ORDER BY "schema_migrations"."version" ASC[0m
Processing by HomeController#index as HTML
  Rendering layout layouts/application.html.erb
  Rendering home/index.html.erb within layouts/application
  Rendered home/index.html.erb within layouts/application (Duration: 0.4ms | Allocations: 185)
  Rendered shared/_nav.html.erb (Duration: 0.6ms | Allocations: 278)
  Rendered shared/_alert.html.erb (Duration: 0.4ms | Allocations: 221)
  Rendered layout layouts/application.html.erb (Duration: 15.1ms | Allocations: 5495)
Completed 200 OK in 32ms (Views: 19.6ms | ActiveRecord: 0.0ms | Allocations: 10359)


Started GET "/" for ::1 at 2024-04-25 16:37:58 -0300
Processing by HomeController#index as HTML
  Rendering layout layouts/application.html.erb
  Rendering home/index.html.erb within layouts/application
  Rendered home/index.html.erb within layouts/application (Duration: 0.4ms | Allocations: 99)
  Rendered shared/_nav.html.erb (Duration: 1.0ms | Allocations: 199)
  Rendered shared/_alert.html.erb (Duration: 0.7ms | Allocations: 191)
  Rendered layout layouts/application.html.erb (Duration: 13.7ms | Allocations: 3803)
Completed 200 OK in 19ms (Views: 16.8ms | ActiveRecord: 0.0ms | Allocations: 4751)


Started GET "/articles" for ::1 at 2024-04-25 16:38:02 -0300
Processing by ArticlesController#index as HTML
Completed 401 Unauthorized in 27ms (ActiveRecord: 0.0ms | Allocations: 1871)


Started GET "/users/sign_in" for ::1 at 2024-04-25 16:38:02 -0300
Processing by Devise::SessionsController#new as HTML
  Rendering layout layouts/application.html.erb
  Rendering /home/isaac/.rbenv/versions/3.3.0/lib/ruby/gems/3.3.0/gems/devise-4.9.4/app/views/devise/sessions/new.html.erb within layouts/application
  Rendered /home/isaac/.rbenv/versions/3.3.0/lib/ruby/gems/3.3.0/gems/devise-4.9.4/app/views/devise/shared/_links.html.erb (Duration: 1.9ms | Allocations: 558)
  Rendered /home/isaac/.rbenv/versions/3.3.0/lib/ruby/gems/3.3.0/gems/devise-4.9.4/app/views/devise/sessions/new.html.erb within layouts/application (Duration: 15.6ms | Allocations: 3114)
  Rendered shared/_nav.html.erb (Duration: 0.2ms | Allocations: 51)
  Rendered shared/_alert.html.erb (Duration: 0.1ms | Allocations: 37)
  Rendered layout layouts/application.html.erb (Duration: 17.8ms | Allocations: 3879)
Completed 200 OK in 144ms (Views: 21.0ms | ActiveRecord: 20.3ms | Allocations: 20475)


Started GET "/users/password/new" for ::1 at 2024-04-25 16:38:02 -0300
Processing by Devise::PasswordsController#new as HTML
  Rendering layout layouts/application.html.erb
  Rendering /home/isaac/.rbenv/versions/3.3.0/lib/ruby/gems/3.3.0/gems/devise-4.9.4/app/views/devise/passwords/new.html.erb within layouts/application
  Rendered /home/isaac/.rbenv/versions/3.3.0/lib/ruby/gems/3.3.0/gems/devise-4.9.4/app/views/devise/shared/_error_messages.html.erb (Duration: 0.5ms | Allocations: 218)
  Rendered /home/isaac/.rbenv/versions/3.3.0/lib/ruby/gems/3.3.0/gems/devise-4.9.4/app/views/devise/shared/_links.html.erb (Duration: 0.3ms | Allocations: 122)
  Rendered /home/isaac/.rbenv/versions/3.3.0/lib/ruby/gems/3.3.0/gems/devise-4.9.4/app/views/devise/passwords/new.html.erb within layouts/application (Duration: 3.5ms | Allocations: 1166)
  Rendered shared/_nav.html.erb (Duration: 0.1ms | Allocations: 40)
  Rendered shared/_alert.html.erb (Duration: 0.4ms | Allocations: 22)
  Rendered layout layouts/application.html.erb (Duration: 5.7ms | Allocations: 1844)
Completed 200 OK in 8ms (Views: 6.7ms | ActiveRecord: 0.0ms | Allocations: 2746)


Started GET "/users/password/new" for ::1 at 2024-04-25 16:38:11 -0300
Processing by Devise::PasswordsController#new as HTML
  Rendering layout layouts/application.html.erb
  Rendering /home/isaac/.rbenv/versions/3.3.0/lib/ruby/gems/3.3.0/gems/devise-4.9.4/app/views/devise/passwords/new.html.erb within layouts/application
  Rendered /home/isaac/.rbenv/versions/3.3.0/lib/ruby/gems/3.3.0/gems/devise-4.9.4/app/views/devise/shared/_error_messages.html.erb (Duration: 0.1ms | Allocations: 13)
  Rendered /home/isaac/.rbenv/versions/3.3.0/lib/ruby/gems/3.3.0/gems/devise-4.9.4/app/views/devise/shared/_links.html.erb (Duration: 0.2ms | Allocations: 108)
  Rendered /home/isaac/.rbenv/versions/3.3.0/lib/ruby/gems/3.3.0/gems/devise-4.9.4/app/views/devise/passwords/new.html.erb within layouts/application (Duration: 2.2ms | Allocations: 601)
  Rendered shared/_nav.html.erb (Duration: 0.2ms | Allocations: 38)
  Rendered shared/_alert.html.erb (Duration: 0.1ms | Allocations: 22)
  Rendered layout layouts/application.html.erb (Duration: 4.5ms | Allocations: 1274)
Completed 200 OK in 7ms (Views: 5.3ms | ActiveRecord: 0.0ms | Allocations: 1857)


Started GET "/users/sign_up" for ::1 at 2024-04-25 16:38:11 -0300
Processing by Devise::RegistrationsController#new as HTML
  Rendering layout layouts/application.html.erb
  Rendering /home/isaac/.rbenv/versions/3.3.0/lib/ruby/gems/3.3.0/gems/devise-4.9.4/app/views/devise/registrations/new.html.erb within layouts/application
  Rendered /home/isaac/.rbenv/versions/3.3.0/lib/ruby/gems/3.3.0/gems/devise-4.9.4/app/views/devise/shared/_error_messages.html.erb (Duration: 0.1ms | Allocations: 13)
  Rendered /home/isaac/.rbenv/versions/3.3.0/lib/ruby/gems/3.3.0/gems/devise-4.9.4/app/views/devise/shared/_links.html.erb (Duration: 0.4ms | Allocations: 77)
  Rendered /home/isaac/.rbenv/versions/3.3.0/lib/ruby/gems/3.3.0/gems/devise-4.9.4/app/views/devise/registrations/new.html.erb within layouts/application (Duration: 6.9ms | Allocations: 1326)
  Rendered shared/_nav.html.erb (Duration: 0.2ms | Allocations: 40)
  Rendered shared/_alert.html.erb (Duration: 0.1ms | Allocations: 22)
  Rendered layout layouts/application.html.erb (Duration: 11.6ms | Allocations: 2004)
Completed 200 OK in 16ms (Views: 13.3ms | ActiveRecord: 0.0ms | Allocations: 2955)


Started GET "/users/sign_in" for ::1 at 2024-04-25 16:38:12 -0300
Processing by Devise::SessionsController#new as HTML
  Rendering layout layouts/application.html.erb
  Rendering /home/isaac/.rbenv/versions/3.3.0/lib/ruby/gems/3.3.0/gems/devise-4.9.4/app/views/devise/sessions/new.html.erb within layouts/application
  Rendered /home/isaac/.rbenv/versions/3.3.0/lib/ruby/gems/3.3.0/gems/devise-4.9.4/app/views/devise/shared/_links.html.erb (Duration: 0.3ms | Allocations: 111)
  Rendered /home/isaac/.rbenv/versions/3.3.0/lib/ruby/gems/3.3.0/gems/devise-4.9.4/app/views/devise/sessions/new.html.erb within layouts/application (Duration: 2.7ms | Allocations: 889)
  Rendered shared/_nav.html.erb (Duration: 0.3ms | Allocations: 38)
  Rendered shared/_alert.html.erb (Duration: 0.1ms | Allocations: 22)
  Rendered layout layouts/application.html.erb (Duration: 6.7ms | Allocations: 1558)
Completed 200 OK in 9ms (Views: 7.4ms | ActiveRecord: 0.0ms | Allocations: 2193)


Started POST "/users" for ::1 at 2024-04-25 16:38:26 -0300
Processing by Devise::RegistrationsController#create as TURBO_STREAM
  Parameters: {"authenticity_token"=>"[FILTERED]", "user"=>{"email"=>"admin@mail.com", "password"=>"[FILTERED]", "password_confirmation"=>"[FILTERED]"}, "commit"=>"Sign up"}
  [1m[36mTRANSACTION (0.3ms)[0m  [1m[35mBEGIN[0m
  [1m[36mUser Exists? (2.6ms)[0m  [1m[34mSELECT 1 AS one FROM "users" WHERE "users"."email" = $1 LIMIT $2[0m  [["email", "admin@mail.com"], ["LIMIT", 1]]
  [1m[36mUser Create (0.9ms)[0m  [1m[32mINSERT INTO "users" ("email", "encrypted_password", "reset_password_token", "reset_password_sent_at", "remember_created_at", "created_at", "updated_at") VALUES ($1, $2, $3, $4, $5, $6, $7) RETURNING "id"[0m  [["email", "admin@mail.com"], ["encrypted_password", "[FILTERED]"], ["reset_password_token", "[FILTERED]"], ["reset_password_sent_at", "[FILTERED]"], ["remember_created_at", nil], ["created_at", "2024-04-25 19:38:26.973544"], ["updated_at", "2024-04-25 19:38:26.973544"]]
  [1m[36mTRANSACTION (6.8ms)[0m  [1m[35mCOMMIT[0m
Redirected to http://localhost:3000/articles
Completed 303 See Other in 360ms (ActiveRecord: 10.5ms | Allocations: 12358)


Started GET "/articles" for ::1 at 2024-04-25 16:38:27 -0300
Processing by ArticlesController#index as TURBO_STREAM
  [1m[36mUser Load (0.3ms)[0m  [1m[34mSELECT "users".* FROM "users" WHERE "users"."id" = $1 ORDER BY "users"."id" ASC LIMIT $2[0m  [["id", 1], ["LIMIT", 1]]
  Rendering layout layouts/application.html.erb
  Rendering articles/index.html.erb within layouts/application
  [1m[36mArticle Load (0.5ms)[0m  [1m[34mSELECT "articles".* FROM "articles"[0m
  ↳ app/views/articles/index.html.erb:12
  Rendered collection of articles/_article.html.erb [1 times] (Duration: 0.7ms | Allocations: 416)
  Rendered articles/index.html.erb within layouts/application (Duration: 14.2ms | Allocations: 5521)
  Rendered shared/_nav.html.erb (Duration: 0.1ms | Allocations: 39)
  Rendered shared/_alert.html.erb (Duration: 0.1ms | Allocations: 15)
  Rendered layout layouts/application.html.erb (Duration: 16.3ms | Allocations: 6215)
Completed 200 OK in 23ms (Views: 14.0ms | ActiveRecord: 3.5ms | Allocations: 9120)


Started GET "/articles" for ::1 at 2024-04-25 16:39:08 -0300
Processing by ArticlesController#index as HTML
Completed 401 Unauthorized in 1ms (ActiveRecord: 0.0ms | Allocations: 197)


Started GET "/users/sign_in" for ::1 at 2024-04-25 16:39:08 -0300
Processing by Devise::SessionsController#new as HTML
  Rendering layout layouts/application.html.erb
  Rendering /home/isaac/.rbenv/versions/3.3.0/lib/ruby/gems/3.3.0/gems/devise-4.9.4/app/views/devise/sessions/new.html.erb within layouts/application
  Rendered /home/isaac/.rbenv/versions/3.3.0/lib/ruby/gems/3.3.0/gems/devise-4.9.4/app/views/devise/shared/_links.html.erb (Duration: 0.2ms | Allocations: 111)
  Rendered /home/isaac/.rbenv/versions/3.3.0/lib/ruby/gems/3.3.0/gems/devise-4.9.4/app/views/devise/sessions/new.html.erb within layouts/application (Duration: 2.2ms | Allocations: 899)
  Rendered shared/_nav.html.erb (Duration: 0.1ms | Allocations: 38)
  Rendered shared/_alert.html.erb (Duration: 0.1ms | Allocations: 27)
  Rendered layout layouts/application.html.erb (Duration: 3.6ms | Allocations: 1573)
Completed 200 OK in 6ms (Views: 4.3ms | ActiveRecord: 0.0ms | Allocations: 2189)


Started GET "/articles" for ::1 at 2024-04-25 16:39:22 -0300
Processing by ArticlesController#index as HTML
Completed 401 Unauthorized in 1ms (ActiveRecord: 0.0ms | Allocations: 299)


Started GET "/users/sign_in" for ::1 at 2024-04-25 16:39:22 -0300
Processing by Devise::SessionsController#new as HTML
  Rendering layout layouts/application.html.erb
  Rendering /home/isaac/.rbenv/versions/3.3.0/lib/ruby/gems/3.3.0/gems/devise-4.9.4/app/views/devise/sessions/new.html.erb within layouts/application
  Rendered /home/isaac/.rbenv/versions/3.3.0/lib/ruby/gems/3.3.0/gems/devise-4.9.4/app/views/devise/shared/_links.html.erb (Duration: 2.5ms | Allocations: 111)
  Rendered /home/isaac/.rbenv/versions/3.3.0/lib/ruby/gems/3.3.0/gems/devise-4.9.4/app/views/devise/sessions/new.html.erb within layouts/application (Duration: 8.2ms | Allocations: 889)
  Rendered shared/_nav.html.erb (Duration: 0.1ms | Allocations: 38)
  Rendered shared/_alert.html.erb (Duration: 0.1ms | Allocations: 27)
  Rendered layout layouts/application.html.erb (Duration: 11.4ms | Allocations: 1563)
Completed 200 OK in 18ms (Views: 16.3ms | ActiveRecord: 0.0ms | Allocations: 2195)


Started GET "/users/sign_in" for ::1 at 2024-04-25 16:45:56 -0300
Processing by Devise::SessionsController#new as HTML
  Rendering layout layouts/application.html.erb
  Rendering /home/isaac/.rbenv/versions/3.3.0/lib/ruby/gems/3.3.0/gems/devise-4.9.4/app/views/devise/sessions/new.html.erb within layouts/application
  Rendered /home/isaac/.rbenv/versions/3.3.0/lib/ruby/gems/3.3.0/gems/devise-4.9.4/app/views/devise/shared/_links.html.erb (Duration: 1.0ms | Allocations: 536)
  Rendered /home/isaac/.rbenv/versions/3.3.0/lib/ruby/gems/3.3.0/gems/devise-4.9.4/app/views/devise/sessions/new.html.erb within layouts/application (Duration: 3.4ms | Allocations: 1813)
  Rendered shared/_nav.html.erb (Duration: 0.5ms | Allocations: 171)
  Rendered shared/_alert.html.erb (Duration: 0.4ms | Allocations: 191)
  Rendered layout layouts/application.html.erb (Duration: 9.1ms | Allocations: 5254)
Completed 200 OK in 36ms (Views: 11.5ms | ActiveRecord: 4.4ms | Allocations: 13144)


Started GET "/users/sign_in" for ::1 at 2024-04-25 16:45:58 -0300
Processing by Devise::SessionsController#new as HTML
  Rendering layout layouts/application.html.erb
  Rendering /home/isaac/.rbenv/versions/3.3.0/lib/ruby/gems/3.3.0/gems/devise-4.9.4/app/views/devise/sessions/new.html.erb within layouts/application
  Rendered /home/isaac/.rbenv/versions/3.3.0/lib/ruby/gems/3.3.0/gems/devise-4.9.4/app/views/devise/shared/_links.html.erb (Duration: 0.2ms | Allocations: 111)
  Rendered /home/isaac/.rbenv/versions/3.3.0/lib/ruby/gems/3.3.0/gems/devise-4.9.4/app/views/devise/sessions/new.html.erb within layouts/application (Duration: 2.3ms | Allocations: 889)
  Rendered shared/_nav.html.erb (Duration: 0.1ms | Allocations: 38)
  Rendered shared/_alert.html.erb (Duration: 0.1ms | Allocations: 22)
  Rendered layout layouts/application.html.erb (Duration: 3.9ms | Allocations: 1558)
Completed 200 OK in 6ms (Views: 4.6ms | ActiveRecord: 0.0ms | Allocations: 2163)


Started GET "/users/sign_up" for ::1 at 2024-04-25 16:46:02 -0300
Processing by Devise::RegistrationsController#new as HTML
  Rendering layout layouts/application.html.erb
  Rendering /home/isaac/.rbenv/versions/3.3.0/lib/ruby/gems/3.3.0/gems/devise-4.9.4/app/views/devise/registrations/new.html.erb within layouts/application
  Rendered /home/isaac/.rbenv/versions/3.3.0/lib/ruby/gems/3.3.0/gems/devise-4.9.4/app/views/devise/shared/_error_messages.html.erb (Duration: 0.5ms | Allocations: 208)
  Rendered /home/isaac/.rbenv/versions/3.3.0/lib/ruby/gems/3.3.0/gems/devise-4.9.4/app/views/devise/shared/_links.html.erb (Duration: 0.4ms | Allocations: 82)
  Rendered /home/isaac/.rbenv/versions/3.3.0/lib/ruby/gems/3.3.0/gems/devise-4.9.4/app/views/devise/registrations/new.html.erb within layouts/application (Duration: 4.0ms | Allocations: 1568)
  Rendered shared/_nav.html.erb (Duration: 0.2ms | Allocations: 40)
  Rendered shared/_alert.html.erb (Duration: 0.1ms | Allocations: 22)
  Rendered layout layouts/application.html.erb (Duration: 6.4ms | Allocations: 2246)
Completed 200 OK in 9ms (Views: 7.6ms | ActiveRecord: 0.0ms | Allocations: 3182)


Started GET "/users/password/new" for ::1 at 2024-04-25 16:46:30 -0300
  [1m[36mActiveRecord::SchemaMigration Load (0.6ms)[0m  [1m[34mSELECT "schema_migrations"."version" FROM "schema_migrations" ORDER BY "schema_migrations"."version" ASC[0m
Processing by Devise::PasswordsController#new as HTML
  Rendering layout layouts/application.html.erb
  Rendering users/passwords/new.html.erb within layouts/application
  Rendered users/shared/_error_messages.html.erb (Duration: 0.6ms | Allocations: 234)
  Rendered users/shared/_links.html.erb (Duration: 1.0ms | Allocations: 550)
  Rendered users/passwords/new.html.erb within layouts/application (Duration: 7.9ms | Allocations: 3070)
  Rendered shared/_nav.html.erb (Duration: 0.6ms | Allocations: 184)
  Rendered shared/_alert.html.erb (Duration: 1.3ms | Allocations: 217)
  Rendered layout layouts/application.html.erb (Duration: 15.7ms | Allocations: 6768)
Completed 200 OK in 87ms (Views: 19.3ms | ActiveRecord: 10.9ms | Allocations: 27615)


Started GET "/users/password/new" for ::1 at 2024-04-25 16:46:31 -0300
Processing by Devise::PasswordsController#new as HTML
  Rendering layout layouts/application.html.erb
  Rendering users/passwords/new.html.erb within layouts/application
  Rendered users/shared/_error_messages.html.erb (Duration: 0.1ms | Allocations: 13)
  Rendered users/shared/_links.html.erb (Duration: 0.2ms | Allocations: 108)
  Rendered users/passwords/new.html.erb within layouts/application (Duration: 1.8ms | Allocations: 608)
  Rendered shared/_nav.html.erb (Duration: 0.1ms | Allocations: 38)
  Rendered shared/_alert.html.erb (Duration: 0.1ms | Allocations: 22)
  Rendered layout layouts/application.html.erb (Duration: 3.1ms | Allocations: 1293)
Completed 200 OK in 4ms (Views: 3.6ms | ActiveRecord: 0.0ms | Allocations: 1851)


Started GET "/articles" for ::1 at 2024-04-25 16:46:37 -0300
Processing by ArticlesController#index as HTML
Completed 401 Unauthorized in 1ms (ActiveRecord: 0.0ms | Allocations: 442)


Started GET "/users/sign_in" for ::1 at 2024-04-25 16:46:37 -0300
Processing by Devise::SessionsController#new as HTML
  Rendering layout layouts/application.html.erb
  Rendering users/sessions/new.html.erb within layouts/application
  Rendered users/shared/_links.html.erb (Duration: 0.4ms | Allocations: 118)
  Rendered users/sessions/new.html.erb within layouts/application (Duration: 7.8ms | Allocations: 1662)
  Rendered shared/_nav.html.erb (Duration: 0.1ms | Allocations: 40)
  Rendered shared/_alert.html.erb (Duration: 0.1ms | Allocations: 32)
  Rendered layout layouts/application.html.erb (Duration: 11.0ms | Allocations: 2358)
Completed 200 OK in 15ms (Views: 12.8ms | ActiveRecord: 0.0ms | Allocations: 3584)


Started GET "/users/password/new" for ::1 at 2024-04-25 16:46:41 -0300
Processing by Devise::PasswordsController#new as HTML
  Rendering layout layouts/application.html.erb
  Rendering users/passwords/new.html.erb within layouts/application
  Rendered users/shared/_error_messages.html.erb (Duration: 0.0ms | Allocations: 13)
  Rendered users/shared/_links.html.erb (Duration: 0.2ms | Allocations: 108)
  Rendered users/passwords/new.html.erb within layouts/application (Duration: 1.5ms | Allocations: 607)
  Rendered shared/_nav.html.erb (Duration: 0.1ms | Allocations: 38)
  Rendered shared/_alert.html.erb (Duration: 0.1ms | Allocations: 22)
  Rendered layout layouts/application.html.erb (Duration: 2.7ms | Allocations: 1292)
Completed 200 OK in 4ms (Views: 3.3ms | ActiveRecord: 0.0ms | Allocations: 1856)


Started GET "/users/sign_up" for ::1 at 2024-04-25 16:46:43 -0300
Processing by Devise::RegistrationsController#new as HTML
  Rendering layout layouts/application.html.erb
  Rendering users/registrations/new.html.erb within layouts/application
  Rendered users/shared/_error_messages.html.erb (Duration: 0.0ms | Allocations: 13)
  Rendered users/shared/_links.html.erb (Duration: 0.2ms | Allocations: 69)
  Rendered users/registrations/new.html.erb within layouts/application (Duration: 2.6ms | Allocations: 1326)
  Rendered shared/_nav.html.erb (Duration: 0.1ms | Allocations: 40)
  Rendered shared/_alert.html.erb (Duration: 0.1ms | Allocations: 22)
  Rendered layout layouts/application.html.erb (Duration: 4.9ms | Allocations: 2016)
Completed 200 OK in 8ms (Views: 5.7ms | ActiveRecord: 0.0ms | Allocations: 2948)


Started GET "/users/sign_in" for ::1 at 2024-04-25 16:46:45 -0300
Processing by Devise::SessionsController#new as HTML
  Rendering layout layouts/application.html.erb
  Rendering users/sessions/new.html.erb within layouts/application
  Rendered users/shared/_links.html.erb (Duration: 0.5ms | Allocations: 111)
  Rendered users/sessions/new.html.erb within layouts/application (Duration: 9.9ms | Allocations: 918)
  Rendered shared/_nav.html.erb (Duration: 0.2ms | Allocations: 38)
  Rendered shared/_alert.html.erb (Duration: 0.1ms | Allocations: 22)
  Rendered layout layouts/application.html.erb (Duration: 14.0ms | Allocations: 1599)
Completed 200 OK in 25ms (Views: 18.8ms | ActiveRecord: 0.0ms | Allocations: 2233)


Started GET "/users/sign_up" for ::1 at 2024-04-25 16:46:51 -0300
Processing by Devise::RegistrationsController#new as HTML
  Rendering layout layouts/application.html.erb
  Rendering users/registrations/new.html.erb within layouts/application
  Rendered users/shared/_error_messages.html.erb (Duration: 0.0ms | Allocations: 13)
  Rendered users/shared/_links.html.erb (Duration: 0.3ms | Allocations: 68)
  Rendered users/registrations/new.html.erb within layouts/application (Duration: 3.6ms | Allocations: 916)
  Rendered shared/_nav.html.erb (Duration: 0.3ms | Allocations: 38)
  Rendered shared/_alert.html.erb (Duration: 0.1ms | Allocations: 22)
  Rendered layout layouts/application.html.erb (Duration: 6.0ms | Allocations: 1601)
Completed 200 OK in 8ms (Views: 6.6ms | ActiveRecord: 0.0ms | Allocations: 2177)


Started GET "/users/sign_in" for ::1 at 2024-04-25 16:48:12 -0300
Processing by Devise::SessionsController#new as HTML
  Rendering layout layouts/application.html.erb
  Rendering users/sessions/new.html.erb within layouts/application
  Rendered users/shared/_links.html.erb (Duration: 1.5ms | Allocations: 528)
  Rendered users/sessions/new.html.erb within layouts/application (Duration: 5.5ms | Allocations: 1842)
  Rendered shared/_nav.html.erb (Duration: 1.3ms | Allocations: 320)
  Rendered shared/_alert.html.erb (Duration: 0.6ms | Allocations: 191)
  Rendered layout layouts/application.html.erb (Duration: 13.9ms | Allocations: 5445)
Completed 200 OK in 33ms (Views: 17.9ms | ActiveRecord: 6.4ms | Allocations: 10596)


Started GET "/users/sign_in" for ::1 at 2024-04-25 16:48:18 -0300
Processing by Devise::SessionsController#new as HTML
  Rendering layout layouts/application.html.erb
  Rendering users/sessions/new.html.erb within layouts/application
  Rendered users/shared/_links.html.erb (Duration: 0.3ms | Allocations: 111)
  Rendered users/sessions/new.html.erb within layouts/application (Duration: 2.6ms | Allocations: 918)
  Rendered shared/_nav.html.erb (Duration: 0.4ms | Allocations: 81)
  Rendered shared/_alert.html.erb (Duration: 0.1ms | Allocations: 22)
  Rendered layout layouts/application.html.erb (Duration: 5.6ms | Allocations: 1642)
Completed 200 OK in 8ms (Views: 6.3ms | ActiveRecord: 0.0ms | Allocations: 2256)


Started POST "/users/sign_in" for ::1 at 2024-04-25 16:48:42 -0300
Processing by Devise::SessionsController#create as TURBO_STREAM
  Parameters: {"authenticity_token"=>"[FILTERED]", "user"=>{"email"=>"admin@mail.com", "password"=>"[FILTERED]", "remember_me"=>"0"}, "commit"=>"Log in"}
  [1m[36mUser Load (0.7ms)[0m  [1m[34mSELECT "users".* FROM "users" WHERE "users"."email" = $1 ORDER BY "users"."id" ASC LIMIT $2[0m  [["email", "admin@mail.com"], ["LIMIT", 1]]
Redirected to http://localhost:3000/articles
Completed 303 See Other in 340ms (ActiveRecord: 1.0ms | Allocations: 7246)


Started GET "/articles" for ::1 at 2024-04-25 16:48:42 -0300
Processing by ArticlesController#index as TURBO_STREAM
  [1m[36mUser Load (0.3ms)[0m  [1m[34mSELECT "users".* FROM "users" WHERE "users"."id" = $1 ORDER BY "users"."id" ASC LIMIT $2[0m  [["id", 1], ["LIMIT", 1]]
  Rendering layout layouts/application.html.erb
  Rendering articles/index.html.erb within layouts/application
  [1m[36mArticle Load (0.5ms)[0m  [1m[34mSELECT "articles".* FROM "articles"[0m
  ↳ app/views/articles/index.html.erb:12
  Rendered collection of articles/_article.html.erb [1 times] (Duration: 0.8ms | Allocations: 416)
  Rendered articles/index.html.erb within layouts/application (Duration: 15.8ms | Allocations: 5532)
  Rendered shared/_nav.html.erb (Duration: 0.2ms | Allocations: 89)
  Rendered shared/_alert.html.erb (Duration: 0.1ms | Allocations: 16)
  Rendered layout layouts/application.html.erb (Duration: 17.8ms | Allocations: 6356)
Completed 200 OK in 28ms (Views: 17.0ms | ActiveRecord: 3.7ms | Allocations: 9150)


Started DELETE "/users/sign_out?_method=delete" for ::1 at 2024-04-25 16:49:05 -0300
Processing by Devise::SessionsController#destroy as TURBO_STREAM
  [1m[36mUser Load (0.6ms)[0m  [1m[34mSELECT "users".* FROM "users" WHERE "users"."id" = $1 ORDER BY "users"."id" ASC LIMIT $2[0m  [["id", 1], ["LIMIT", 1]]
Redirected to http://localhost:3000/
Completed 303 See Other in 26ms (ActiveRecord: 0.5ms | Allocations: 11261)


Started GET "/" for ::1 at 2024-04-25 16:49:05 -0300
Processing by HomeController#index as TURBO_STREAM
  Rendering layout layouts/application.html.erb
  Rendering home/index.html.erb within layouts/application
  Rendered home/index.html.erb within layouts/application (Duration: 0.6ms | Allocations: 93)
  Rendered shared/_nav.html.erb (Duration: 0.4ms | Allocations: 128)
  Rendered shared/_alert.html.erb (Duration: 0.1ms | Allocations: 24)
  Rendered layout layouts/application.html.erb (Duration: 3.4ms | Allocations: 1082)
Completed 200 OK in 5ms (Views: 4.4ms | ActiveRecord: 0.0ms | Allocations: 1620)


Started GET "/" for ::1 at 2024-04-25 17:00:54 -0300
Processing by HomeController#index as HTML
  Rendering layout layouts/application.html.erb
  Rendering home/index.html.erb within layouts/application
  Rendered home/index.html.erb within layouts/application (Duration: 0.3ms | Allocations: 99)
  Rendered shared/_nav.html.erb (Duration: 0.9ms | Allocations: 384)
  Rendered shared/_alert.html.erb (Duration: 0.6ms | Allocations: 191)
  Rendered layout layouts/application.html.erb (Duration: 6.2ms | Allocations: 3991)
Completed 200 OK in 9ms (Views: 7.5ms | ActiveRecord: 0.0ms | Allocations: 4937)


Started GET "/users/sign_in" for ::1 at 2024-04-25 17:01:07 -0300
Processing by Devise::SessionsController#new as HTML
  Rendering layout layouts/application.html.erb
  Rendering users/sessions/new.html.erb within layouts/application
  Rendered users/shared/_links.html.erb (Duration: 1.8ms | Allocations: 528)
  Rendered users/sessions/new.html.erb within layouts/application (Duration: 8.1ms | Allocations: 1841)
  Rendered shared/_nav.html.erb (Duration: 0.6ms | Allocations: 97)
  Rendered shared/_alert.html.erb (Duration: 0.2ms | Allocations: 27)
  Rendered layout layouts/application.html.erb (Duration: 13.9ms | Allocations: 2654)
Completed 200 OK in 47ms (Views: 16.5ms | ActiveRecord: 4.4ms | Allocations: 10115)


Started POST "/users/sign_in" for ::1 at 2024-04-25 17:01:12 -0300
Processing by Devise::SessionsController#create as TURBO_STREAM
  Parameters: {"authenticity_token"=>"[FILTERED]", "user"=>{"email"=>"admin@mail.com", "password"=>"[FILTERED]", "remember_me"=>"0"}, "commit"=>"Log in"}
  [1m[36mUser Load (1.0ms)[0m  [1m[34mSELECT "users".* FROM "users" WHERE "users"."email" = $1 ORDER BY "users"."id" ASC LIMIT $2[0m  [["email", "admin@mail.com"], ["LIMIT", 1]]
Redirected to http://localhost:3000/
Completed 303 See Other in 320ms (ActiveRecord: 1.1ms | Allocations: 3334)


Started GET "/" for ::1 at 2024-04-25 17:01:12 -0300
Processing by HomeController#index as TURBO_STREAM
  Rendering layout layouts/application.html.erb
  Rendering home/index.html.erb within layouts/application
  Rendered home/index.html.erb within layouts/application (Duration: 0.0ms | Allocations: 7)
  [1m[36mUser Load (0.3ms)[0m  [1m[34mSELECT "users".* FROM "users" WHERE "users"."id" = $1 ORDER BY "users"."id" ASC LIMIT $2[0m  [["id", 1], ["LIMIT", 1]]
  ↳ app/views/shared/_nav.html.erb:3
  Rendered shared/_nav.html.erb (Duration: 3.0ms | Allocations: 763)
  Rendered shared/_alert.html.erb (Duration: 0.1ms | Allocations: 24)
  Rendered layout layouts/application.html.erb (Duration: 5.0ms | Allocations: 1687)
Completed 200 OK in 6ms (Views: 5.2ms | ActiveRecord: 0.2ms | Allocations: 1986)


Started GET "/articles" for ::1 at 2024-04-25 17:01:15 -0300
Processing by ArticlesController#index as HTML
  [1m[36mUser Load (0.5ms)[0m  [1m[34mSELECT "users".* FROM "users" WHERE "users"."id" = $1 ORDER BY "users"."id" ASC LIMIT $2[0m  [["id", 1], ["LIMIT", 1]]
  Rendering layout layouts/application.html.erb
  Rendering articles/index.html.erb within layouts/application
  [1m[36mArticle Load (0.6ms)[0m  [1m[34mSELECT "articles".* FROM "articles"[0m
  ↳ app/views/articles/index.html.erb:12
  Rendered collection of articles/_article.html.erb [1 times] (Duration: 0.8ms | Allocations: 342)
  Rendered articles/index.html.erb within layouts/application (Duration: 7.5ms | Allocations: 3403)
  Rendered shared/_nav.html.erb (Duration: 0.1ms | Allocations: 79)
  Rendered shared/_alert.html.erb (Duration: 0.0ms | Allocations: 13)
  Rendered layout layouts/application.html.erb (Duration: 9.0ms | Allocations: 4135)
Completed 200 OK in 18ms (Views: 9.3ms | ActiveRecord: 1.1ms | Allocations: 6630)


Started GET "/articles/1" for ::1 at 2024-04-25 17:01:18 -0300
Processing by ArticlesController#show as HTML
  Parameters: {"id"=>"1"}
  [1m[36mArticle Load (0.3ms)[0m  [1m[34mSELECT "articles".* FROM "articles" WHERE "articles"."id" = $1 LIMIT $2[0m  [["id", 1], ["LIMIT", 1]]
  ↳ app/controllers/articles_controller.rb:64:in `set_article'
  [1m[36mUser Load (0.3ms)[0m  [1m[34mSELECT "users".* FROM "users" WHERE "users"."id" = $1 ORDER BY "users"."id" ASC LIMIT $2[0m  [["id", 1], ["LIMIT", 1]]
  Rendering layout layouts/application.html.erb
  Rendering articles/show.html.erb within layouts/application
  Rendered articles/_article.html.erb (Duration: 0.9ms | Allocations: 243)
  Rendered articles/show.html.erb within layouts/application (Duration: 4.5ms | Allocations: 923)
  Rendered shared/_nav.html.erb (Duration: 0.2ms | Allocations: 77)
  Rendered shared/_alert.html.erb (Duration: 0.0ms | Allocations: 13)
  Rendered layout layouts/application.html.erb (Duration: 6.9ms | Allocations: 1634)
Completed 200 OK in 13ms (Views: 7.6ms | ActiveRecord: 0.6ms | Allocations: 4507)


Started GET "/articles/1/edit" for ::1 at 2024-04-25 17:01:19 -0300
Processing by ArticlesController#edit as HTML
  Parameters: {"id"=>"1"}
  [1m[36mArticle Load (0.4ms)[0m  [1m[34mSELECT "articles".* FROM "articles" WHERE "articles"."id" = $1 LIMIT $2[0m  [["id", 1], ["LIMIT", 1]]
  ↳ app/controllers/articles_controller.rb:64:in `set_article'
  [1m[36mUser Load (0.6ms)[0m  [1m[34mSELECT "users".* FROM "users" WHERE "users"."id" = $1 ORDER BY "users"."id" ASC LIMIT $2[0m  [["id", 1], ["LIMIT", 1]]
  Rendering layout layouts/application.html.erb
  Rendering articles/edit.html.erb within layouts/application
  Rendered articles/_form.html.erb (Duration: 3.3ms | Allocations: 1261)
  Rendered articles/edit.html.erb within layouts/application (Duration: 4.5ms | Allocations: 1596)
  Rendered shared/_nav.html.erb (Duration: 0.4ms | Allocations: 77)
  Rendered shared/_alert.html.erb (Duration: 0.1ms | Allocations: 22)
  Rendered layout layouts/application.html.erb (Duration: 7.4ms | Allocations: 2316)
Completed 200 OK in 16ms (Views: 8.0ms | ActiveRecord: 0.9ms | Allocations: 4455)


  [1m[35m (0.2ms)[0m  [1m[34mSELECT pg_try_advisory_lock(439837519115335530)[0m
  [1m[36mActiveRecord::SchemaMigration Load (0.9ms)[0m  [1m[34mSELECT "schema_migrations"."version" FROM "schema_migrations" ORDER BY "schema_migrations"."version" ASC[0m
  [1m[36mActiveRecord::InternalMetadata Load (1.7ms)[0m  [1m[34mSELECT * FROM "ar_internal_metadata" WHERE "ar_internal_metadata"."key" = $1 ORDER BY "ar_internal_metadata"."key" ASC LIMIT 1[0m  [[nil, "environment"]]
  [1m[35m (0.5ms)[0m  [1m[34mSELECT pg_advisory_unlock(439837519115335530)[0m
  [1m[36mActiveRecord::SchemaMigration Load (0.4ms)[0m  [1m[34mSELECT "schema_migrations"."version" FROM "schema_migrations" ORDER BY "schema_migrations"."version" ASC[0m
  [1m[35m (1.4ms)[0m  [1m[35mCREATE DATABASE "auth_development" ENCODING = 'unicode'[0m
  [1m[35m (0.7ms)[0m  [1m[35mCREATE DATABASE "auth_test" ENCODING = 'unicode'[0m
  [1m[36mActiveRecord::SchemaMigration Load (1.2ms)[0m  [1m[34mSELECT "schema_migrations"."version" FROM "schema_migrations" ORDER BY "schema_migrations"."version" ASC[0m
  [1m[36mActiveRecord::InternalMetadata Load (1.5ms)[0m  [1m[34mSELECT * FROM "ar_internal_metadata" WHERE "ar_internal_metadata"."key" = $1 ORDER BY "ar_internal_metadata"."key" ASC LIMIT 1[0m  [[nil, "environment"]]
  [1m[36mActiveRecord::SchemaMigration Load (0.5ms)[0m  [1m[34mSELECT "schema_migrations"."version" FROM "schema_migrations" ORDER BY "schema_migrations"."version" ASC[0m
  [1m[36mActiveRecord::InternalMetadata Load (0.6ms)[0m  [1m[34mSELECT * FROM "ar_internal_metadata" WHERE "ar_internal_metadata"."key" = $1 ORDER BY "ar_internal_metadata"."key" ASC LIMIT 1[0m  [[nil, "environment"]]
  [1m[36mActiveRecord::SchemaMigration Load (0.2ms)[0m  [1m[34mSELECT "schema_migrations"."version" FROM "schema_migrations" ORDER BY "schema_migrations"."version" ASC[0m
  [1m[36mActiveRecord::InternalMetadata Load (0.4ms)[0m  [1m[34mSELECT * FROM "ar_internal_metadata" WHERE "ar_internal_metadata"."key" = $1 ORDER BY "ar_internal_metadata"."key" ASC LIMIT 1[0m  [[nil, "environment"]]
  [1m[35mSQL (1.0ms)[0m  [1m[35mCREATE EXTENSION IF NOT EXISTS "plpgsql"[0m
  [1m[35m (9.8ms)[0m  [1m[35mDROP TABLE IF EXISTS "articles" CASCADE[0m
  [1m[35m (174.2ms)[0m  [1m[35mCREATE TABLE "articles" ("id" bigserial primary key, "title" character varying, "content" text, "created_at" timestamp(6) NOT NULL, "updated_at" timestamp(6) NOT NULL)[0m
  [1m[35m (146.6ms)[0m  [1m[35mDROP TABLE IF EXISTS "users" CASCADE[0m
  [1m[35m (40.1ms)[0m  [1m[35mCREATE TABLE "users" ("id" bigserial primary key, "email" character varying DEFAULT '' NOT NULL, "encrypted_password" character varying DEFAULT '' NOT NULL, "reset_password_token" character varying, "reset_password_sent_at" timestamp(6), "remember_created_at" timestamp(6), "created_at" timestamp(6) NOT NULL, "updated_at" timestamp(6) NOT NULL)[0m
  [1m[35m (78.0ms)[0m  [1m[35mCREATE UNIQUE INDEX "index_users_on_email" ON "users" ("email")[0m
  [1m[35m (14.6ms)[0m  [1m[35mCREATE UNIQUE INDEX "index_users_on_reset_password_token" ON "users" ("reset_password_token")[0m
  [1m[36mActiveRecord::SchemaMigration Load (0.5ms)[0m  [1m[34mSELECT "schema_migrations"."version" FROM "schema_migrations" ORDER BY "schema_migrations"."version" ASC[0m
  [1m[36mActiveRecord::InternalMetadata Load (0.4ms)[0m  [1m[34mSELECT * FROM "ar_internal_metadata" WHERE "ar_internal_metadata"."key" = $1 ORDER BY "ar_internal_metadata"."key" ASC LIMIT 1[0m  [[nil, "environment"]]
  [1m[36mActiveRecord::InternalMetadata Load (0.3ms)[0m  [1m[34mSELECT * FROM "ar_internal_metadata" WHERE "ar_internal_metadata"."key" = $1 ORDER BY "ar_internal_metadata"."key" ASC LIMIT 1[0m  [[nil, "environment"]]
  [1m[36mActiveRecord::InternalMetadata Load (0.4ms)[0m  [1m[34mSELECT * FROM "ar_internal_metadata" WHERE "ar_internal_metadata"."key" = $1 ORDER BY "ar_internal_metadata"."key" ASC LIMIT 1[0m  [[nil, "schema_sha1"]]
  [1m[36mActiveRecord::InternalMetadata Create (7.6ms)[0m  [1m[32mINSERT INTO "ar_internal_metadata" ("key", "value", "created_at", "updated_at") VALUES ('schema_sha1', 'd0bb1832e9523ed0c08d3825ec48c48d95d285f6', '2024-04-25 20:04:06.603113', '2024-04-25 20:04:06.603117') RETURNING "key"[0m
  [1m[35mSQL (0.6ms)[0m  [1m[35mCREATE EXTENSION IF NOT EXISTS "plpgsql"[0m
  [1m[35m (0.2ms)[0m  [1m[35mDROP TABLE IF EXISTS "articles" CASCADE[0m
  [1m[35m (31.6ms)[0m  [1m[35mCREATE TABLE "articles" ("id" bigserial primary key, "title" character varying, "content" text, "created_at" timestamp(6) NOT NULL, "updated_at" timestamp(6) NOT NULL)[0m
  [1m[35m (0.4ms)[0m  [1m[35mDROP TABLE IF EXISTS "users" CASCADE[0m
  [1m[35m (86.8ms)[0m  [1m[35mCREATE TABLE "users" ("id" bigserial primary key, "email" character varying DEFAULT '' NOT NULL, "encrypted_password" character varying DEFAULT '' NOT NULL, "reset_password_token" character varying, "reset_password_sent_at" timestamp(6), "remember_created_at" timestamp(6), "created_at" timestamp(6) NOT NULL, "updated_at" timestamp(6) NOT NULL)[0m
  [1m[35m (17.4ms)[0m  [1m[35mCREATE UNIQUE INDEX "index_users_on_email" ON "users" ("email")[0m
  [1m[35m (14.6ms)[0m  [1m[35mCREATE UNIQUE INDEX "index_users_on_reset_password_token" ON "users" ("reset_password_token")[0m
  [1m[36mActiveRecord::SchemaMigration Load (0.7ms)[0m  [1m[34mSELECT "schema_migrations"."version" FROM "schema_migrations" ORDER BY "schema_migrations"."version" ASC[0m
  [1m[35m (7.5ms)[0m  [1m[32mINSERT INTO "schema_migrations" (version) VALUES (20240425193557)[0m
  [1m[35m (7.1ms)[0m  [1m[32mINSERT INTO "schema_migrations" (version) VALUES
(20240425191602);[0m
  [1m[36mActiveRecord::InternalMetadata Load (0.8ms)[0m  [1m[34mSELECT * FROM "ar_internal_metadata" WHERE "ar_internal_metadata"."key" = $1 ORDER BY "ar_internal_metadata"."key" ASC LIMIT 1[0m  [[nil, "environment"]]
  [1m[36mActiveRecord::InternalMetadata Update (7.2ms)[0m  [1m[33mUPDATE "ar_internal_metadata" SET "value" = 'development', "updated_at" = '2024-04-25 20:04:06.836974' WHERE "ar_internal_metadata"."key" = 'environment'[0m
  [1m[36mActiveRecord::InternalMetadata Load (0.4ms)[0m  [1m[34mSELECT * FROM "ar_internal_metadata" WHERE "ar_internal_metadata"."key" = $1 ORDER BY "ar_internal_metadata"."key" ASC LIMIT 1[0m  [[nil, "environment"]]
  [1m[36mActiveRecord::InternalMetadata Update (6.9ms)[0m  [1m[33mUPDATE "ar_internal_metadata" SET "value" = 'test', "updated_at" = '2024-04-25 20:04:06.848033' WHERE "ar_internal_metadata"."key" = 'environment'[0m
  [1m[36mActiveRecord::InternalMetadata Load (0.9ms)[0m  [1m[34mSELECT * FROM "ar_internal_metadata" WHERE "ar_internal_metadata"."key" = $1 ORDER BY "ar_internal_metadata"."key" ASC LIMIT 1[0m  [[nil, "schema_sha1"]]
  [1m[36mActiveRecord::InternalMetadata Update (71.6ms)[0m  [1m[33mUPDATE "ar_internal_metadata" SET "value" = 'd0bb1832e9523ed0c08d3825ec48c48d95d285f6', "updated_at" = '2024-04-25 20:04:06.859904' WHERE "ar_internal_metadata"."key" = 'schema_sha1'[0m
  [1m[36mActiveRecord::SchemaMigration Load (0.6ms)[0m  [1m[34mSELECT "schema_migrations"."version" FROM "schema_migrations" ORDER BY "schema_migrations"."version" ASC[0m
  [1m[36mActiveRecord::SchemaMigration Load (0.7ms)[0m  [1m[34mSELECT "schema_migrations"."version" FROM "schema_migrations" ORDER BY "schema_migrations"."version" ASC[0m
  [1m[36mActiveRecord::InternalMetadata Load (0.9ms)[0m  [1m[34mSELECT * FROM "ar_internal_metadata" WHERE "ar_internal_metadata"."key" = $1 ORDER BY "ar_internal_metadata"."key" ASC LIMIT 1[0m  [[nil, "environment"]]
  [1m[36mActiveRecord::SchemaMigration Load (0.4ms)[0m  [1m[34mSELECT "schema_migrations"."version" FROM "schema_migrations" ORDER BY "schema_migrations"."version" ASC[0m
  [1m[36mActiveRecord::InternalMetadata Load (0.5ms)[0m  [1m[34mSELECT * FROM "ar_internal_metadata" WHERE "ar_internal_metadata"."key" = $1 ORDER BY "ar_internal_metadata"."key" ASC LIMIT 1[0m  [[nil, "environment"]]
  [1m[36mActiveRecord::SchemaMigration Load (2.0ms)[0m  [1m[34mSELECT "schema_migrations"."version" FROM "schema_migrations" ORDER BY "schema_migrations"."version" ASC[0m
  [1m[36mActiveRecord::InternalMetadata Load (0.5ms)[0m  [1m[34mSELECT * FROM "ar_internal_metadata" WHERE "ar_internal_metadata"."key" = $1 ORDER BY "ar_internal_metadata"."key" ASC LIMIT 1[0m  [[nil, "environment"]]
  [1m[35m (631.0ms)[0m  [1m[35mDROP DATABASE IF EXISTS "auth_development"[0m
  [1m[35m (137.8ms)[0m  [1m[35mDROP DATABASE IF EXISTS "auth_test"[0m
  [1m[35m (243.1ms)[0m  [1m[35mCREATE DATABASE "auth_development" ENCODING = 'unicode'[0m
  [1m[35m (223.5ms)[0m  [1m[35mCREATE DATABASE "auth_test" ENCODING = 'unicode'[0m
  [1m[35m (22.5ms)[0m  [1m[35mCREATE TABLE "schema_migrations" ("version" character varying NOT NULL PRIMARY KEY)[0m
  [1m[35m (24.8ms)[0m  [1m[35mCREATE TABLE "ar_internal_metadata" ("key" character varying NOT NULL PRIMARY KEY, "value" character varying, "created_at" timestamp(6) NOT NULL, "updated_at" timestamp(6) NOT NULL)[0m
  [1m[35m (0.2ms)[0m  [1m[34mSELECT pg_try_advisory_lock(439837519115335530)[0m
  [1m[36mActiveRecord::SchemaMigration Load (0.5ms)[0m  [1m[34mSELECT "schema_migrations"."version" FROM "schema_migrations" ORDER BY "schema_migrations"."version" ASC[0m
  [1m[36mActiveRecord::InternalMetadata Load (0.6ms)[0m  [1m[34mSELECT * FROM "ar_internal_metadata" WHERE "ar_internal_metadata"."key" = $1 ORDER BY "ar_internal_metadata"."key" ASC LIMIT 1[0m  [[nil, "environment"]]
  [1m[36mActiveRecord::InternalMetadata Create (68.3ms)[0m  [1m[32mINSERT INTO "ar_internal_metadata" ("key", "value", "created_at", "updated_at") VALUES ('environment', 'development', '2024-04-25 20:04:32.468562', '2024-04-25 20:04:32.468566') RETURNING "key"[0m
Migrating to CreateArticles (20240425191602)
  [1m[36mTRANSACTION (0.3ms)[0m  [1m[35mBEGIN[0m
  [1m[35m (20.6ms)[0m  [1m[35mCREATE TABLE "articles" ("id" bigserial primary key, "title" character varying, "content" text, "created_at" timestamp(6) NOT NULL, "updated_at" timestamp(6) NOT NULL)[0m
  [1m[36mActiveRecord::SchemaMigration Create (0.5ms)[0m  [1m[32mINSERT INTO "schema_migrations" ("version") VALUES ('20240425191602') RETURNING "version"[0m
  [1m[36mTRANSACTION (8.0ms)[0m  [1m[35mCOMMIT[0m
Migrating to DeviseCreateUsers (20240425193557)
  [1m[36mTRANSACTION (0.5ms)[0m  [1m[35mBEGIN[0m
  [1m[35m (15.8ms)[0m  [1m[35mCREATE TABLE "users" ("id" bigserial primary key, "email" character varying DEFAULT '' NOT NULL, "encrypted_password" character varying DEFAULT '' NOT NULL, "reset_password_token" character varying, "reset_password_sent_at" timestamp(6), "remember_created_at" timestamp(6), "admin" boolean DEFAULT FALSE, "created_at" timestamp(6) NOT NULL, "updated_at" timestamp(6) NOT NULL)[0m
  [1m[35m (146.7ms)[0m  [1m[35mCREATE UNIQUE INDEX "index_users_on_email" ON "users" ("email")[0m
  [1m[35m (10.2ms)[0m  [1m[35mCREATE UNIQUE INDEX "index_users_on_reset_password_token" ON "users" ("reset_password_token")[0m
  [1m[36mActiveRecord::SchemaMigration Create (0.6ms)[0m  [1m[32mINSERT INTO "schema_migrations" ("version") VALUES ('20240425193557') RETURNING "version"[0m
  [1m[36mTRANSACTION (8.9ms)[0m  [1m[35mCOMMIT[0m
  [1m[35m (0.7ms)[0m  [1m[34mSELECT pg_advisory_unlock(439837519115335530)[0m
  [1m[36mActiveRecord::SchemaMigration Load (0.6ms)[0m  [1m[34mSELECT "schema_migrations"."version" FROM "schema_migrations" ORDER BY "schema_migrations"."version" ASC[0m
