Started GET "/" for ::1 at 2024-04-24 16:13:49 -0300
Processing by WelcomeController#index as HTML
  Rendering layout layouts/application.html.erb
  Rendering welcome/index.html.erb within layouts/application
  Rendered welcome/index.html.erb within layouts/application (Duration: 0.9ms | Allocations: 199)
  Rendered layout layouts/application.html.erb (Duration: 375.5ms | Allocations: 42353)
Completed 200 OK in 454ms (Views: 413.6ms | Allocations: 48443)


Started GET "/" for ::1 at 2024-04-24 16:15:59 -0300
Processing by WelcomeController#index as HTML
  Rendering layout layouts/application.html.erb
  Rendering welcome/index.html.erb within layouts/application
  Rendered welcome/index.html.erb within layouts/application (Duration: 86.5ms | Allocations: 2104)
  Rendered layout layouts/application.html.erb (Duration: 86.8ms | Allocations: 2196)
Completed 500 Internal Server Error in 89ms (Allocations: 3061)


  
ActionView::Template::Error (undefined method `nome' for an instance of Hash):
     9:     <h1>Bem vindo exemplo view</h1>
    10:     <ul>
    11:         <% @produtos.each do |produto| %>
    12:             <li><%= produto.nome  %></li>
    13:         <% end %>
    14:     </ul>
    15: </body>
  
app/views/welcome/index.html.erb:12
app/views/welcome/index.html.erb:11:in `each'
app/views/welcome/index.html.erb:11
Started GET "/" for ::1 at 2024-04-24 16:16:23 -0300
Processing by WelcomeController#index as HTML
  Rendering layout layouts/application.html.erb
  Rendering welcome/index.html.erb within layouts/application
  Rendered welcome/index.html.erb within layouts/application (Duration: 0.5ms | Allocations: 172)
  Rendered layout layouts/application.html.erb (Duration: 3.0ms | Allocations: 1647)
Completed 200 OK in 5ms (Views: 4.5ms | Allocations: 2509)


Started GET "/" for ::1 at 2024-04-24 16:16:34 -0300
Processing by WelcomeController#index as HTML
  Rendering layout layouts/application.html.erb
  Rendering welcome/index.html.erb within layouts/application
  Rendered welcome/index.html.erb within layouts/application (Duration: 1.2ms | Allocations: 190)
  Rendered layout layouts/application.html.erb (Duration: 7.0ms | Allocations: 1636)
Completed 200 OK in 11ms (Views: 9.8ms | Allocations: 2495)


Started GET "/" for ::1 at 2024-04-24 16:16:39 -0300
Processing by WelcomeController#index as HTML
  Rendering layout layouts/application.html.erb
  Rendering welcome/index.html.erb within layouts/application
  Rendered welcome/index.html.erb within layouts/application (Duration: 0.8ms | Allocations: 194)
  Rendered layout layouts/application.html.erb (Duration: 4.1ms | Allocations: 1652)
Completed 200 OK in 6ms (Views: 5.6ms | Allocations: 2511)


Started GET "/" for ::1 at 2024-04-24 16:16:56 -0300
Processing by WelcomeController#index as HTML
  Rendering layout layouts/application.html.erb
  Rendering welcome/index.html.erb within layouts/application
  Rendered welcome/index.html.erb within layouts/application (Duration: 1.1ms | Allocations: 1130)
  Rendered layout layouts/application.html.erb (Duration: 1.6ms | Allocations: 1222)
Completed 500 Internal Server Error in 5ms (Allocations: 2067)


  
ActionView::Template::Error (undefined method `-' for an instance of String):
     9:     <h1>Bem vindo exemplo view</h1>
    10:     <ul>
    11:         <% @produtos.each do |produto| %>
    12:             <li><%= produto[:nome]  -  produto[:preco] %></li>
    13:             <li><%=  %></li>
    14:         <% end %>
    15:     </ul>
  
app/views/welcome/index.html.erb:12
app/views/welcome/index.html.erb:11:in `each'
app/views/welcome/index.html.erb:11
Started GET "/" for ::1 at 2024-04-24 16:17:12 -0300
Processing by WelcomeController#index as HTML
  Rendering layout layouts/application.html.erb
  Rendering welcome/index.html.erb within layouts/application
  Rendered welcome/index.html.erb within layouts/application (Duration: 0.4ms | Allocations: 195)
  Rendered layout layouts/application.html.erb (Duration: 2.7ms | Allocations: 1652)
Completed 200 OK in 5ms (Views: 3.8ms | Allocations: 2518)


Started GET "/" for ::1 at 2024-04-24 16:17:19 -0300
Processing by WelcomeController#index as HTML
  Rendering layout layouts/application.html.erb
  Rendering welcome/index.html.erb within layouts/application
  Rendered welcome/index.html.erb within layouts/application (Duration: 0.6ms | Allocations: 193)
  Rendered layout layouts/application.html.erb (Duration: 4.6ms | Allocations: 1642)
Completed 200 OK in 7ms (Views: 6.3ms | Allocations: 2503)


Started GET "/" for ::1 at 2024-04-24 16:25:43 -0300
  
SyntaxError (/home/isaac/Documentos/projetos/onebitcode/ruby/rails/4-view/view/app/controllers/welcome_controller.rb:19: syntax error, unexpected '='
    session[:produtos] || = []
                          ^
):
  
app/controllers/welcome_controller.rb:19: syntax error, unexpected '='
Started GET "/" for ::1 at 2024-04-24 16:25:58 -0300
Processing by WelcomeController#index as HTML
  Rendering layout layouts/application.html.erb
  Rendering welcome/index.html.erb within layouts/application
  Rendered welcome/index.html.erb within layouts/application (Duration: 1.3ms | Allocations: 1604)
  Rendered layout layouts/application.html.erb (Duration: 1.6ms | Allocations: 1696)
Completed 500 Internal Server Error in 5ms (Allocations: 2916)


  
ActionView::Template::Error (No route matches {:action=>"adicionar_produto", :controller=>"welcome"}):
    14:     </ul>
    15: 
    16:     <h3>Adicionar novos produtos</h3>
    17:     <%= form_tag({controller: "welcome", action: "adicionar_produto"}, method: "post") do %>
    18:         <label for="nome">Nome: </label>
    19:         <%= text_field_tag 'nome', nil, required: true %>
    20:     <% end %>
  
app/views/welcome/index.html.erb:17
Started GET "/" for ::1 at 2024-04-24 16:26:27 -0300
Processing by WelcomeController#index as HTML
  Rendering layout layouts/application.html.erb
  Rendering welcome/index.html.erb within layouts/application
  Rendered welcome/index.html.erb within layouts/application (Duration: 1.7ms | Allocations: 711)
  Rendered layout layouts/application.html.erb (Duration: 4.1ms | Allocations: 1849)
Completed 200 OK in 7ms (Views: 5.9ms | Allocations: 3086)


Started GET "/" for ::1 at 2024-04-24 16:26:39 -0300
Processing by WelcomeController#index as HTML
  Rendering layout layouts/application.html.erb
  Rendering welcome/index.html.erb within layouts/application
  Rendered welcome/index.html.erb within layouts/application (Duration: 2.1ms | Allocations: 661)
  Rendered layout layouts/application.html.erb (Duration: 9.9ms | Allocations: 1785)
Completed 200 OK in 15ms (Views: 12.2ms | Allocations: 3024)


Started GET "/" for ::1 at 2024-04-24 16:26:40 -0300
Processing by WelcomeController#index as HTML
  Rendering layout layouts/application.html.erb
  Rendering welcome/index.html.erb within layouts/application
  Rendered welcome/index.html.erb within layouts/application (Duration: 0.7ms | Allocations: 169)
  Rendered layout layouts/application.html.erb (Duration: 4.5ms | Allocations: 1071)
Completed 200 OK in 8ms (Views: 5.1ms | Allocations: 1608)


Started GET "/" for ::1 at 2024-04-24 16:27:33 -0300
Processing by WelcomeController#index as HTML
  Rendering layout layouts/application.html.erb
  Rendering welcome/index.html.erb within layouts/application
  Rendered welcome/index.html.erb within layouts/application (Duration: 1.9ms | Allocations: 774)
  Rendered layout layouts/application.html.erb (Duration: 4.6ms | Allocations: 1904)
Completed 200 OK in 8ms (Views: 6.5ms | Allocations: 3128)


Started POST "/adicionar" for ::1 at 2024-04-24 16:27:47 -0300
  
AbstractController::ActionNotFound (The action 'adicionar_produto' could not be found for WelcomeController):
  
actionpack (7.1.3.2) lib/abstract_controller/base.rb:155:in `process'
actionview (7.1.3.2) lib/action_view/rendering.rb:40:in `process'
actionpack (7.1.3.2) lib/action_controller/metal.rb:227:in `dispatch'
actionpack (7.1.3.2) lib/action_controller/metal.rb:309:in `dispatch'
actionpack (7.1.3.2) lib/action_dispatch/routing/route_set.rb:49:in `dispatch'
actionpack (7.1.3.2) lib/action_dispatch/routing/route_set.rb:32:in `serve'
actionpack (7.1.3.2) lib/action_dispatch/journey/router.rb:51:in `block in serve'
actionpack (7.1.3.2) lib/action_dispatch/journey/router.rb:131:in `block in find_routes'
actionpack (7.1.3.2) lib/action_dispatch/journey/router.rb:124:in `each'
actionpack (7.1.3.2) lib/action_dispatch/journey/router.rb:124:in `find_routes'
actionpack (7.1.3.2) lib/action_dispatch/journey/router.rb:32:in `serve'
actionpack (7.1.3.2) lib/action_dispatch/routing/route_set.rb:882:in `call'
rack (3.0.10) lib/rack/tempfile_reaper.rb:20:in `call'
rack (3.0.10) lib/rack/etag.rb:29:in `call'
rack (3.0.10) lib/rack/conditional_get.rb:43:in `call'
rack (3.0.10) lib/rack/head.rb:15:in `call'
actionpack (7.1.3.2) lib/action_dispatch/http/permissions_policy.rb:36:in `call'
actionpack (7.1.3.2) lib/action_dispatch/http/content_security_policy.rb:33:in `call'
rack-session (2.0.0) lib/rack/session/abstract/id.rb:272:in `context'
rack-session (2.0.0) lib/rack/session/abstract/id.rb:266:in `call'
actionpack (7.1.3.2) lib/action_dispatch/middleware/cookies.rb:689:in `call'
actionpack (7.1.3.2) lib/action_dispatch/middleware/callbacks.rb:29:in `block in call'
activesupport (7.1.3.2) lib/active_support/callbacks.rb:101:in `run_callbacks'
actionpack (7.1.3.2) lib/action_dispatch/middleware/callbacks.rb:28:in `call'
actionpack (7.1.3.2) lib/action_dispatch/middleware/executor.rb:14:in `call'
actionpack (7.1.3.2) lib/action_dispatch/middleware/actionable_exceptions.rb:16:in `call'
actionpack (7.1.3.2) lib/action_dispatch/middleware/debug_exceptions.rb:29:in `call'
web-console (4.2.1) lib/web_console/middleware.rb:132:in `call_app'
web-console (4.2.1) lib/web_console/middleware.rb:28:in `block in call'
web-console (4.2.1) lib/web_console/middleware.rb:17:in `catch'
web-console (4.2.1) lib/web_console/middleware.rb:17:in `call'
actionpack (7.1.3.2) lib/action_dispatch/middleware/show_exceptions.rb:31:in `call'
railties (7.1.3.2) lib/rails/rack/logger.rb:37:in `call_app'
railties (7.1.3.2) lib/rails/rack/logger.rb:24:in `block in call'
activesupport (7.1.3.2) lib/active_support/tagged_logging.rb:135:in `block in tagged'
activesupport (7.1.3.2) lib/active_support/tagged_logging.rb:39:in `tagged'
activesupport (7.1.3.2) lib/active_support/tagged_logging.rb:135:in `tagged'
activesupport (7.1.3.2) lib/active_support/broadcast_logger.rb:240:in `method_missing'
railties (7.1.3.2) lib/rails/rack/logger.rb:24:in `call'
sprockets-rails (3.4.2) lib/sprockets/rails/quiet_assets.rb:13:in `call'
actionpack (7.1.3.2) lib/action_dispatch/middleware/remote_ip.rb:92:in `call'
actionpack (7.1.3.2) lib/action_dispatch/middleware/request_id.rb:28:in `call'
rack (3.0.10) lib/rack/method_override.rb:28:in `call'
rack (3.0.10) lib/rack/runtime.rb:24:in `call'
activesupport (7.1.3.2) lib/active_support/cache/strategy/local_cache_middleware.rb:29:in `call'
actionpack (7.1.3.2) lib/action_dispatch/middleware/server_timing.rb:59:in `block in call'
actionpack (7.1.3.2) lib/action_dispatch/middleware/server_timing.rb:24:in `collect_events'
actionpack (7.1.3.2) lib/action_dispatch/middleware/server_timing.rb:58:in `call'
actionpack (7.1.3.2) lib/action_dispatch/middleware/executor.rb:14:in `call'
actionpack (7.1.3.2) lib/action_dispatch/middleware/static.rb:25:in `call'
rack (3.0.10) lib/rack/sendfile.rb:114:in `call'
actionpack (7.1.3.2) lib/action_dispatch/middleware/host_authorization.rb:141:in `call'
railties (7.1.3.2) lib/rails/engine.rb:536:in `call'
puma (6.4.2) lib/puma/configuration.rb:272:in `call'
puma (6.4.2) lib/puma/request.rb:100:in `block in handle_request'
puma (6.4.2) lib/puma/thread_pool.rb:378:in `with_force_shutdown'
puma (6.4.2) lib/puma/request.rb:99:in `handle_request'
puma (6.4.2) lib/puma/server.rb:464:in `process_client'
puma (6.4.2) lib/puma/server.rb:245:in `block in run'
puma (6.4.2) lib/puma/thread_pool.rb:155:in `block in spawn_thread'
Started POST "/adicionar" for ::1 at 2024-04-24 16:28:01 -0300
  
ActionController::RoutingError (No route matches [POST] "/adicionar"):
  
Started GET "/" for ::1 at 2024-04-24 16:28:08 -0300
Processing by WelcomeController#index as HTML
  Rendering layout layouts/application.html.erb
  Rendering welcome/index.html.erb within layouts/application
  Rendered welcome/index.html.erb within layouts/application (Duration: 2.0ms | Allocations: 758)
  Rendered layout layouts/application.html.erb (Duration: 4.7ms | Allocations: 1896)
Completed 200 OK in 8ms (Views: 6.3ms | Allocations: 3097)


Started POST "/adicionar_produto" for ::1 at 2024-04-24 16:28:14 -0300
  
AbstractController::ActionNotFound (The action 'adicionar_produto' could not be found for WelcomeController):
  
actionpack (7.1.3.2) lib/abstract_controller/base.rb:155:in `process'
actionview (7.1.3.2) lib/action_view/rendering.rb:40:in `process'
actionpack (7.1.3.2) lib/action_controller/metal.rb:227:in `dispatch'
actionpack (7.1.3.2) lib/action_controller/metal.rb:309:in `dispatch'
actionpack (7.1.3.2) lib/action_dispatch/routing/route_set.rb:49:in `dispatch'
actionpack (7.1.3.2) lib/action_dispatch/routing/route_set.rb:32:in `serve'
actionpack (7.1.3.2) lib/action_dispatch/journey/router.rb:51:in `block in serve'
actionpack (7.1.3.2) lib/action_dispatch/journey/router.rb:131:in `block in find_routes'
actionpack (7.1.3.2) lib/action_dispatch/journey/router.rb:124:in `each'
actionpack (7.1.3.2) lib/action_dispatch/journey/router.rb:124:in `find_routes'
actionpack (7.1.3.2) lib/action_dispatch/journey/router.rb:32:in `serve'
actionpack (7.1.3.2) lib/action_dispatch/routing/route_set.rb:882:in `call'
rack (3.0.10) lib/rack/tempfile_reaper.rb:20:in `call'
rack (3.0.10) lib/rack/etag.rb:29:in `call'
rack (3.0.10) lib/rack/conditional_get.rb:43:in `call'
rack (3.0.10) lib/rack/head.rb:15:in `call'
actionpack (7.1.3.2) lib/action_dispatch/http/permissions_policy.rb:36:in `call'
actionpack (7.1.3.2) lib/action_dispatch/http/content_security_policy.rb:33:in `call'
rack-session (2.0.0) lib/rack/session/abstract/id.rb:272:in `context'
rack-session (2.0.0) lib/rack/session/abstract/id.rb:266:in `call'
actionpack (7.1.3.2) lib/action_dispatch/middleware/cookies.rb:689:in `call'
actionpack (7.1.3.2) lib/action_dispatch/middleware/callbacks.rb:29:in `block in call'
activesupport (7.1.3.2) lib/active_support/callbacks.rb:101:in `run_callbacks'
actionpack (7.1.3.2) lib/action_dispatch/middleware/callbacks.rb:28:in `call'
actionpack (7.1.3.2) lib/action_dispatch/middleware/executor.rb:14:in `call'
actionpack (7.1.3.2) lib/action_dispatch/middleware/actionable_exceptions.rb:16:in `call'
actionpack (7.1.3.2) lib/action_dispatch/middleware/debug_exceptions.rb:29:in `call'
web-console (4.2.1) lib/web_console/middleware.rb:132:in `call_app'
web-console (4.2.1) lib/web_console/middleware.rb:28:in `block in call'
web-console (4.2.1) lib/web_console/middleware.rb:17:in `catch'
web-console (4.2.1) lib/web_console/middleware.rb:17:in `call'
actionpack (7.1.3.2) lib/action_dispatch/middleware/show_exceptions.rb:31:in `call'
railties (7.1.3.2) lib/rails/rack/logger.rb:37:in `call_app'
railties (7.1.3.2) lib/rails/rack/logger.rb:24:in `block in call'
activesupport (7.1.3.2) lib/active_support/tagged_logging.rb:135:in `block in tagged'
activesupport (7.1.3.2) lib/active_support/tagged_logging.rb:39:in `tagged'
activesupport (7.1.3.2) lib/active_support/tagged_logging.rb:135:in `tagged'
activesupport (7.1.3.2) lib/active_support/broadcast_logger.rb:240:in `method_missing'
railties (7.1.3.2) lib/rails/rack/logger.rb:24:in `call'
sprockets-rails (3.4.2) lib/sprockets/rails/quiet_assets.rb:13:in `call'
actionpack (7.1.3.2) lib/action_dispatch/middleware/remote_ip.rb:92:in `call'
actionpack (7.1.3.2) lib/action_dispatch/middleware/request_id.rb:28:in `call'
rack (3.0.10) lib/rack/method_override.rb:28:in `call'
rack (3.0.10) lib/rack/runtime.rb:24:in `call'
activesupport (7.1.3.2) lib/active_support/cache/strategy/local_cache_middleware.rb:29:in `call'
actionpack (7.1.3.2) lib/action_dispatch/middleware/server_timing.rb:59:in `block in call'
actionpack (7.1.3.2) lib/action_dispatch/middleware/server_timing.rb:24:in `collect_events'
actionpack (7.1.3.2) lib/action_dispatch/middleware/server_timing.rb:58:in `call'
actionpack (7.1.3.2) lib/action_dispatch/middleware/executor.rb:14:in `call'
actionpack (7.1.3.2) lib/action_dispatch/middleware/static.rb:25:in `call'
rack (3.0.10) lib/rack/sendfile.rb:114:in `call'
actionpack (7.1.3.2) lib/action_dispatch/middleware/host_authorization.rb:141:in `call'
railties (7.1.3.2) lib/rails/engine.rb:536:in `call'
puma (6.4.2) lib/puma/configuration.rb:272:in `call'
puma (6.4.2) lib/puma/request.rb:100:in `block in handle_request'
puma (6.4.2) lib/puma/thread_pool.rb:378:in `with_force_shutdown'
puma (6.4.2) lib/puma/request.rb:99:in `handle_request'
puma (6.4.2) lib/puma/server.rb:464:in `process_client'
puma (6.4.2) lib/puma/server.rb:245:in `block in run'
puma (6.4.2) lib/puma/thread_pool.rb:155:in `block in spawn_thread'
Started POST "/adicionar_produto" for ::1 at 2024-04-24 16:28:37 -0300
Processing by WelcomeController#adicionar_produtos as HTML
  Parameters: {"authenticity_token"=>"[FILTERED]", "nome"=>"Notebook", "preco"=>"1500", "commit"=>"Adicionar Produto"}
Completed 500 Internal Server Error in 4ms (Allocations: 966)


  
NoMethodError (undefined method `to_F' for an instance of String):
  
app/controllers/welcome_controller.rb:9:in `adicionar_produtos'
Started POST "/adicionar_produto" for ::1 at 2024-04-24 16:28:57 -0300
Processing by WelcomeController#adicionar_produtos as HTML
  Parameters: {"authenticity_token"=>"[FILTERED]", "nome"=>"Notebook", "preco"=>"1500", "commit"=>"Adicionar Produto"}
Redirected to http://localhost:3000/
Completed 302 Found in 2ms (Allocations: 704)


Started GET "/" for ::1 at 2024-04-24 16:28:57 -0300
Processing by WelcomeController#index as HTML
  Rendering layout layouts/application.html.erb
  Rendering welcome/index.html.erb within layouts/application
  Rendered welcome/index.html.erb within layouts/application (Duration: 3.2ms | Allocations: 758)
  Rendered layout layouts/application.html.erb (Duration: 6.5ms | Allocations: 1896)
Completed 200 OK in 10ms (Views: 8.7ms | Allocations: 3056)


Started GET "/" for ::1 at 2024-04-24 16:29:16 -0300
Processing by WelcomeController#index as HTML
  Rendering layout layouts/application.html.erb
  Rendering welcome/index.html.erb within layouts/application
  Rendered welcome/index.html.erb within layouts/application (Duration: 1.3ms | Allocations: 779)
  Rendered layout layouts/application.html.erb (Duration: 3.2ms | Allocations: 1903)
Completed 200 OK in 6ms (Views: 4.5ms | Allocations: 3138)


Started GET "/usuarios/adicionar_usuario" for ::1 at 2024-04-24 17:01:41 -0300
  
ActionController::RoutingError (No route matches [GET] "/usuarios/adicionar_usuario"):
  
Started GET "/adicionar_usuario" for ::1 at 2024-04-24 17:01:51 -0300
Processing by UsuariosController#adicionar_usuario as HTML
  Rendering layout layouts/application.html.erb
  Rendering usuarios/adicionar_usuario.html.erb within layouts/application
  Rendered usuarios/adicionar_usuario.html.erb within layouts/application (Duration: 0.4ms | Allocations: 92)
  Rendered layout layouts/application.html.erb (Duration: 3.6ms | Allocations: 1594)
Completed 200 OK in 6ms (Views: 5.2ms | Allocations: 2404)


Started GET "/adicionar_usuario" for ::1 at 2024-04-24 17:02:58 -0300
Processing by UsuariosController#adicionar_usuario as HTML
  Rendering layout layouts/application.html.erb
  Rendering usuarios/adicionar_usuario.html.erb within layouts/application
  Rendered usuarios/adicionar_usuario.html.erb within layouts/application (Duration: 2.3ms | Allocations: 1053)
  Rendered layout layouts/application.html.erb (Duration: 2.6ms | Allocations: 1152)
Completed 500 Internal Server Error in 5ms (Allocations: 2014)


  
ActionView::SyntaxErrorInTemplate (Encountered a syntax error while rendering template: check <h1>Adicionar Usuario</h1>
<%= form_tag({controller: 'usuarios', action: 'adicionar_usuario'}, method: 'post' do %>
<% %>
):
1:    <h1>Adicionar Usuario</h1>
2:    <%= form_tag({controller: 'usuarios', action: 'adicionar_usuario'}, method: 'post' do %>
3:    <% %>
  
app/views/usuarios/adicionar_usuario.html.erb:2: syntax error, unexpected `do', expecting ')'
Started GET "/adicionar_usuario" for ::1 at 2024-04-24 17:03:14 -0300
Processing by UsuariosController#adicionar_usuario as HTML
  Rendering layout layouts/application.html.erb
  Rendering usuarios/adicionar_usuario.html.erb within layouts/application
  Rendered usuarios/adicionar_usuario.html.erb within layouts/application (Duration: 1.9ms | Allocations: 1101)
  Rendered layout layouts/application.html.erb (Duration: 2.3ms | Allocations: 1203)
Completed 500 Internal Server Error in 5ms (Allocations: 2066)


  
ActionView::SyntaxErrorInTemplate (Encountered a syntax error while rendering template: check <h1>Adicionar Usuario</h1>
<%= form_tag({controller: 'usuarios', action: 'adicionar_usuario'}, method: 'post' do %>
<% end %>
):
1:    <h1>Adicionar Usuario</h1>
2:    <%= form_tag({controller: 'usuarios', action: 'adicionar_usuario'}, method: 'post' do %>
3:    <% end %>
  
app/views/usuarios/adicionar_usuario.html.erb:2: syntax error, unexpected `do', expecting ')'
app/views/usuarios/adicionar_usuario.html.erb:5: syntax error, unexpected `end'
Started GET "/adicionar_usuario" for ::1 at 2024-04-24 17:03:34 -0300
Processing by UsuariosController#adicionar_usuario as HTML
  Rendering layout layouts/application.html.erb
  Rendering usuarios/adicionar_usuario.html.erb within layouts/application
  Rendered usuarios/adicionar_usuario.html.erb within layouts/application (Duration: 2.3ms | Allocations: 964)
  Rendered layout layouts/application.html.erb (Duration: 5.3ms | Allocations: 2103)
Completed 200 OK in 8ms (Views: 6.9ms | Allocations: 2959)


Started GET "/adicionar_usuario" for ::1 at 2024-04-24 17:04:33 -0300
Processing by UsuariosController#adicionar_usuario as HTML
  Rendering layout layouts/application.html.erb
  Rendering usuarios/adicionar_usuario.html.erb within layouts/application
  Rendered usuarios/adicionar_usuario.html.erb within layouts/application (Duration: 3.1ms | Allocations: 1087)
  Rendered layout layouts/application.html.erb (Duration: 6.1ms | Allocations: 2225)
Completed 200 OK in 8ms (Views: 7.5ms | Allocations: 3081)


Started GET "/adicionar_usuario" for ::1 at 2024-04-24 17:04:48 -0300
Processing by UsuariosController#adicionar_usuario as HTML
  Rendering layout layouts/application.html.erb
  Rendering usuarios/adicionar_usuario.html.erb within layouts/application
  Rendered usuarios/adicionar_usuario.html.erb within layouts/application (Duration: 1.8ms | Allocations: 1135)
  Rendered layout layouts/application.html.erb (Duration: 5.8ms | Allocations: 2273)
Completed 200 OK in 8ms (Views: 7.5ms | Allocations: 3129)


Started GET "/adicionar_usuario" for ::1 at 2024-04-24 17:05:02 -0300
Processing by UsuariosController#adicionar_usuario as HTML
  Rendering layout layouts/application.html.erb
  Rendering usuarios/adicionar_usuario.html.erb within layouts/application
  Rendered usuarios/adicionar_usuario.html.erb within layouts/application (Duration: 1.8ms | Allocations: 1110)
  Rendered layout layouts/application.html.erb (Duration: 4.9ms | Allocations: 2243)
Completed 200 OK in 7ms (Views: 6.3ms | Allocations: 3096)


Started POST "/adicionar_usuario" for ::1 at 2024-04-24 17:05:20 -0300
Processing by UsuariosController#adicionar_usuario as HTML
  Parameters: {"authenticity_token"=>"[FILTERED]", "nome"=>"", "email"=>"", "password"=>"[FILTERED]", "commit"=>"Enviar"}
  Rendering layout layouts/application.html.erb
  Rendering usuarios/adicionar_usuario.html.erb within layouts/application
  Rendered usuarios/adicionar_usuario.html.erb within layouts/application (Duration: 0.7ms | Allocations: 215)
  Rendered layout layouts/application.html.erb (Duration: 5.7ms | Allocations: 1113)
Completed 200 OK in 8ms (Views: 6.4ms | Allocations: 1715)


Started POST "/adicionar_usuario" for ::1 at 2024-04-24 17:05:44 -0300
Processing by UsuariosController#adicionar_usuario as HTML
  Parameters: {"authenticity_token"=>"[FILTERED]", "nome"=>"", "email"=>"", "password"=>"[FILTERED]", "commit"=>"Enviar"}
  Rendering layout layouts/application.html.erb
  Rendering usuarios/adicionar_usuario.html.erb within layouts/application
  Rendered usuarios/adicionar_usuario.html.erb within layouts/application (Duration: 2.3ms | Allocations: 798)
  Rendered layout layouts/application.html.erb (Duration: 8.3ms | Allocations: 1934)
Completed 200 OK in 12ms (Views: 9.9ms | Allocations: 3172)


Started GET "/usuarios" for ::1 at 2024-04-24 17:06:48 -0300
Processing by UsuariosController#index as HTML
  Rendering layout layouts/application.html.erb
  Rendering usuarios/index.html.erb within layouts/application
  Rendered usuarios/index.html.erb within layouts/application (Duration: 0.9ms | Allocations: 1030)
  Rendered layout layouts/application.html.erb (Duration: 1.3ms | Allocations: 1122)
Completed 500 Internal Server Error in 23ms (Allocations: 1959)


  
ActionView::Template::Error (undefined local variable or method `usuarios' for an instance of #<Class:0x00007f57359442e0>):
    1: <% usuarios.each do |usuario| %>
    2:     <%= usuario.nome %>
    3: <% end %>
  
app/views/usuarios/index.html.erb:1
Started GET "/usuarios" for ::1 at 2024-04-24 17:07:01 -0300
Processing by UsuariosController#index as HTML
  Rendering layout layouts/application.html.erb
  Rendering usuarios/index.html.erb within layouts/application
  Rendered usuarios/index.html.erb within layouts/application (Duration: 0.8ms | Allocations: 1072)
  Rendered layout layouts/application.html.erb (Duration: 1.1ms | Allocations: 1164)
Completed 500 Internal Server Error in 3ms (Allocations: 1996)


  
ActionView::Template::Error (undefined method `each' for nil):
    1: <% @usuarios.each do |usuario| %>
    2:     <%= usuario.nome %>
    3: <% end %>
  
app/views/usuarios/index.html.erb:1
Started GET "/adicionar_usuario" for ::1 at 2024-04-24 17:09:28 -0300
Processing by UsuariosController#adicionar_usuario as HTML
Completed 500 Internal Server Error in 0ms (Allocations: 430)


  
NoMethodError (undefined method `<<' for nil):
  
app/controllers/usuarios_controller.rb:11:in `adicionar_usuario'
Started GET "/adicionar_usuario" for ::1 at 2024-04-24 17:55:31 -0300
Processing by UsuariosController#adicionar_usuario as HTML
Completed 500 Internal Server Error in 0ms (Allocations: 429)


  
NoMethodError (undefined method `<<' for nil):
  
app/controllers/usuarios_controller.rb:12:in `adicionar_usuario'
Started GET "/adicionar_usuario" for ::1 at 2024-04-24 17:55:43 -0300
Processing by UsuariosController#adicionar_usuario as HTML
Completed 500 Internal Server Error in 1ms (Allocations: 486)


  
NoMethodError (undefined method `<<' for nil):
  
app/controllers/usuarios_controller.rb:12:in `adicionar_usuario'
Started PUT "/__web_console/repl_sessions/8383d84ff50f437892a9403e27d852b1" for ::1 at 2024-04-24 17:56:07 -0300
Started PUT "/__web_console/repl_sessions/8383d84ff50f437892a9403e27d852b1" for ::1 at 2024-04-24 17:56:07 -0300
Started GET "/adicionar_usuario" for ::1 at 2024-04-24 17:56:19 -0300
Processing by UsuariosController#adicionar_usuario as HTML
Completed 500 Internal Server Error in 1ms (Allocations: 491)


  
TypeError (no implicit conversion of Symbol into Integer):
  
app/controllers/usuarios_controller.rb:11:in `adicionar_usuario'
Started GET "/adicionar_usuario" for ::1 at 2024-04-24 17:56:28 -0300
Processing by UsuariosController#adicionar_usuario as HTML
Completed 500 Internal Server Error in 1ms (Allocations: 483)


  
TypeError (no implicit conversion of Symbol into Integer):
  
app/controllers/usuarios_controller.rb:11:in `adicionar_usuario'
Started GET "/adicionar_usuario" for ::1 at 2024-04-24 17:56:30 -0300
Processing by UsuariosController#adicionar_usuario as HTML
Completed 500 Internal Server Error in 1ms (Allocations: 445)


  
TypeError (no implicit conversion of Symbol into Integer):
  
app/controllers/usuarios_controller.rb:11:in `adicionar_usuario'
Started PUT "/__web_console/repl_sessions/8ce7539320225bb14f478d12cbfcff86" for ::1 at 2024-04-24 17:56:32 -0300
Started PUT "/__web_console/repl_sessions/8ce7539320225bb14f478d12cbfcff86" for ::1 at 2024-04-24 17:56:39 -0300
Started PUT "/__web_console/repl_sessions/8ce7539320225bb14f478d12cbfcff86" for ::1 at 2024-04-24 17:56:50 -0300
Started PUT "/__web_console/repl_sessions/8ce7539320225bb14f478d12cbfcff86" for ::1 at 2024-04-24 17:57:00 -0300
Started PUT "/__web_console/repl_sessions/8ce7539320225bb14f478d12cbfcff86" for ::1 at 2024-04-24 17:57:00 -0300
Started PUT "/__web_console/repl_sessions/8ce7539320225bb14f478d12cbfcff86" for ::1 at 2024-04-24 17:57:02 -0300
Started PUT "/__web_console/repl_sessions/8ce7539320225bb14f478d12cbfcff86" for ::1 at 2024-04-24 17:57:07 -0300
Started PUT "/__web_console/repl_sessions/8ce7539320225bb14f478d12cbfcff86" for ::1 at 2024-04-24 17:57:07 -0300
Started GET "/adicionar_usuario" for ::1 at 2024-04-24 17:57:18 -0300
Processing by UsuariosController#adicionar_usuario as HTML
Completed 500 Internal Server Error in 1ms (Allocations: 432)


  
TypeError (no implicit conversion of String into Integer):
  
app/controllers/usuarios_controller.rb:11:in `[]'
app/controllers/usuarios_controller.rb:11:in `adicionar_usuario'
Started PUT "/__web_console/repl_sessions/b5afd27cb0a301ed8df7940d9f5eac0c" for ::1 at 2024-04-24 17:57:24 -0300
Started PUT "/__web_console/repl_sessions/b5afd27cb0a301ed8df7940d9f5eac0c" for ::1 at 2024-04-24 17:57:27 -0300
Started PUT "/__web_console/repl_sessions/b5afd27cb0a301ed8df7940d9f5eac0c" for ::1 at 2024-04-24 17:57:38 -0300
Started PUT "/__web_console/repl_sessions/b5afd27cb0a301ed8df7940d9f5eac0c" for ::1 at 2024-04-24 17:57:45 -0300
Started PUT "/__web_console/repl_sessions/b5afd27cb0a301ed8df7940d9f5eac0c" for ::1 at 2024-04-24 17:57:47 -0300
Started PUT "/__web_console/repl_sessions/b5afd27cb0a301ed8df7940d9f5eac0c" for ::1 at 2024-04-24 17:57:59 -0300
Started PUT "/__web_console/repl_sessions/b5afd27cb0a301ed8df7940d9f5eac0c" for ::1 at 2024-04-24 17:58:08 -0300
Started PUT "/__web_console/repl_sessions/b5afd27cb0a301ed8df7940d9f5eac0c" for ::1 at 2024-04-24 17:58:11 -0300
Started PUT "/__web_console/repl_sessions/b5afd27cb0a301ed8df7940d9f5eac0c" for ::1 at 2024-04-24 17:58:18 -0300
Started PUT "/__web_console/repl_sessions/b5afd27cb0a301ed8df7940d9f5eac0c" for ::1 at 2024-04-24 17:58:21 -0300
Started PUT "/__web_console/repl_sessions/b5afd27cb0a301ed8df7940d9f5eac0c" for ::1 at 2024-04-24 17:58:23 -0300
Started PUT "/__web_console/repl_sessions/b5afd27cb0a301ed8df7940d9f5eac0c" for ::1 at 2024-04-24 17:58:25 -0300
Started PUT "/__web_console/repl_sessions/b5afd27cb0a301ed8df7940d9f5eac0c" for ::1 at 2024-04-24 17:58:52 -0300
Started PUT "/__web_console/repl_sessions/b5afd27cb0a301ed8df7940d9f5eac0c" for ::1 at 2024-04-24 17:59:09 -0300
Started PUT "/__web_console/repl_sessions/b5afd27cb0a301ed8df7940d9f5eac0c" for ::1 at 2024-04-24 17:59:12 -0300
Started PUT "/__web_console/repl_sessions/b5afd27cb0a301ed8df7940d9f5eac0c" for ::1 at 2024-04-24 17:59:21 -0300
Started PUT "/__web_console/repl_sessions/b5afd27cb0a301ed8df7940d9f5eac0c" for ::1 at 2024-04-24 17:59:26 -0300
Started PUT "/__web_console/repl_sessions/b5afd27cb0a301ed8df7940d9f5eac0c" for ::1 at 2024-04-24 17:59:44 -0300
Started PUT "/__web_console/repl_sessions/b5afd27cb0a301ed8df7940d9f5eac0c" for ::1 at 2024-04-24 18:01:15 -0300
Started PUT "/__web_console/repl_sessions/b5afd27cb0a301ed8df7940d9f5eac0c" for ::1 at 2024-04-24 18:01:40 -0300
Started PUT "/__web_console/repl_sessions/b5afd27cb0a301ed8df7940d9f5eac0c" for ::1 at 2024-04-24 18:01:44 -0300
Started PUT "/__web_console/repl_sessions/b5afd27cb0a301ed8df7940d9f5eac0c" for ::1 at 2024-04-24 18:02:13 -0300
Started PUT "/__web_console/repl_sessions/b5afd27cb0a301ed8df7940d9f5eac0c" for ::1 at 2024-04-24 18:02:20 -0300
Started PUT "/__web_console/repl_sessions/b5afd27cb0a301ed8df7940d9f5eac0c" for ::1 at 2024-04-24 18:02:21 -0300
Started GET "/adicionar_usuario" for ::1 at 2024-04-24 18:02:41 -0300
Processing by UsuariosController#adicionar_usuario as HTML
Completed 500 Internal Server Error in 1ms (Allocations: 431)


  
NoMethodError (undefined method `post' for an instance of String):
  
app/controllers/usuarios_controller.rb:11:in `adicionar_usuario'
Started PUT "/__web_console/repl_sessions/be93aed677c05c4be8156b5d4eae6520" for ::1 at 2024-04-24 18:02:44 -0300
Started PUT "/__web_console/repl_sessions/be93aed677c05c4be8156b5d4eae6520" for ::1 at 2024-04-24 18:02:47 -0300
Started PUT "/__web_console/repl_sessions/be93aed677c05c4be8156b5d4eae6520" for ::1 at 2024-04-24 18:02:50 -0300
Started PUT "/__web_console/repl_sessions/be93aed677c05c4be8156b5d4eae6520" for ::1 at 2024-04-24 18:02:53 -0300
Started PUT "/__web_console/repl_sessions/be93aed677c05c4be8156b5d4eae6520" for ::1 at 2024-04-24 18:02:54 -0300
Started PUT "/__web_console/repl_sessions/be93aed677c05c4be8156b5d4eae6520" for ::1 at 2024-04-24 18:02:55 -0300
Started PUT "/__web_console/repl_sessions/be93aed677c05c4be8156b5d4eae6520" for ::1 at 2024-04-24 18:02:57 -0300
Started PUT "/__web_console/repl_sessions/be93aed677c05c4be8156b5d4eae6520" for ::1 at 2024-04-24 18:03:02 -0300
Started PUT "/__web_console/repl_sessions/be93aed677c05c4be8156b5d4eae6520" for ::1 at 2024-04-24 18:03:03 -0300
Started GET "/adicionar_usuario" for ::1 at 2024-04-24 18:03:11 -0300
Processing by UsuariosController#adicionar_usuario as HTML
  Rendering layout layouts/application.html.erb
  Rendering usuarios/adicionar_usuario.html.erb within layouts/application
  Rendered usuarios/adicionar_usuario.html.erb within layouts/application (Duration: 5.7ms | Allocations: 1218)
  Rendered layout layouts/application.html.erb (Duration: 8.7ms | Allocations: 2352)
Completed 200 OK in 16ms (Views: 14.4ms | Allocations: 3220)


Started POST "/adicionar_usuario" for ::1 at 2024-04-24 18:03:38 -0300
Processing by UsuariosController#adicionar_usuario as HTML
  Parameters: {"authenticity_token"=>"[FILTERED]", "nome"=>"isaac", "email"=>"isaac@mail.com", "password"=>"[FILTERED]", "commit"=>"Enviar"}
  Rendering layout layouts/application.html.erb
  Rendering usuarios/adicionar_usuario.html.erb within layouts/application
  Rendered usuarios/adicionar_usuario.html.erb within layouts/application (Duration: 3.1ms | Allocations: 860)
  Rendered layout layouts/application.html.erb (Duration: 7.1ms | Allocations: 1980)
Completed 200 OK in 12ms (Views: 10.3ms | Allocations: 3213)


Started POST "/adicionar_usuario" for ::1 at 2024-04-24 18:03:58 -0300
Processing by UsuariosController#adicionar_usuario as HTML
  Parameters: {"authenticity_token"=>"[FILTERED]", "nome"=>"isaac", "email"=>"isaac@mail.com", "password"=>"[FILTERED]", "commit"=>"Enviar"}
  Rendering layout layouts/application.html.erb
  Rendering usuarios/adicionar_usuario.html.erb within layouts/application
  Rendered usuarios/adicionar_usuario.html.erb within layouts/application (Duration: 1.4ms | Allocations: 868)
  Rendered layout layouts/application.html.erb (Duration: 5.2ms | Allocations: 2002)
Completed 200 OK in 9ms (Views: 7.1ms | Allocations: 3240)


Started POST "/adicionar_usuario" for ::1 at 2024-04-24 18:04:05 -0300
Processing by UsuariosController#adicionar_usuario as HTML
  Parameters: {"authenticity_token"=>"[FILTERED]", "nome"=>"isaac", "email"=>"ibrds@hotmail.com", "password"=>"[FILTERED]", "commit"=>"Enviar"}
  Rendering layout layouts/application.html.erb
  Rendering usuarios/adicionar_usuario.html.erb within layouts/application
  Rendered usuarios/adicionar_usuario.html.erb within layouts/application (Duration: 0.8ms | Allocations: 215)
  Rendered layout layouts/application.html.erb (Duration: 2.5ms | Allocations: 1114)
Completed 200 OK in 4ms (Views: 3.2ms | Allocations: 1698)


Started POST "/adicionar_usuario" for ::1 at 2024-04-24 18:04:36 -0300
Processing by UsuariosController#adicionar_usuario as HTML
  Parameters: {"authenticity_token"=>"[FILTERED]", "nome"=>"isaac", "email"=>"ibrds@hotmail.com", "password"=>"[FILTERED]", "commit"=>"Enviar"}
  Rendering layout layouts/application.html.erb
  Rendering usuarios/adicionar_usuario.html.erb within layouts/application
  Rendered usuarios/adicionar_usuario.html.erb within layouts/application (Duration: 2.0ms | Allocations: 872)
  Rendered layout layouts/application.html.erb (Duration: 4.3ms | Allocations: 1992)
Completed 200 OK in 10ms (Views: 6.4ms | Allocations: 3213)


Started POST "/adicionar_usuario" for ::1 at 2024-04-24 18:06:28 -0300
Processing by UsuariosController#adicionar_usuario as HTML
  Parameters: {"authenticity_token"=>"[FILTERED]", "nome"=>"isaac", "email"=>"ibrds@hotmail.com", "password"=>"[FILTERED]", "commit"=>"Enviar"}
  Rendering layout layouts/application.html.erb
  Rendering usuarios/adicionar_usuario.html.erb within layouts/application
  Rendered usuarios/adicionar_usuario.html.erb within layouts/application (Duration: 3.5ms | Allocations: 882)
  Rendered layout layouts/application.html.erb (Duration: 7.6ms | Allocations: 2016)
Completed 200 OK in 11ms (Views: 9.5ms | Allocations: 3260)


Started POST "/adicionar_usuario" for ::1 at 2024-04-24 18:06:32 -0300
Processing by UsuariosController#adicionar_usuario as HTML
  Parameters: {"authenticity_token"=>"[FILTERED]", "nome"=>"isaac", "email"=>"ibrds@hotmail.com", "password"=>"[FILTERED]", "commit"=>"Enviar"}
  Rendering layout layouts/application.html.erb
  Rendering usuarios/adicionar_usuario.html.erb within layouts/application
  Rendered usuarios/adicionar_usuario.html.erb within layouts/application (Duration: 0.8ms | Allocations: 215)
  Rendered layout layouts/application.html.erb (Duration: 4.6ms | Allocations: 1113)
Completed 200 OK in 7ms (Views: 5.9ms | Allocations: 1726)


Started POST "/adicionar_usuario" for ::1 at 2024-04-24 18:06:41 -0300
Processing by UsuariosController#adicionar_usuario as HTML
  Parameters: {"authenticity_token"=>"[FILTERED]", "nome"=>"isaac", "email"=>"ibrds@hotmail.com", "password"=>"[FILTERED]", "commit"=>"Enviar"}
  Rendering layout layouts/application.html.erb
  Rendering usuarios/adicionar_usuario.html.erb within layouts/application
  Rendered usuarios/adicionar_usuario.html.erb within layouts/application (Duration: 2.3ms | Allocations: 884)
  Rendered layout layouts/application.html.erb (Duration: 5.1ms | Allocations: 2004)
Completed 200 OK in 9ms (Views: 7.1ms | Allocations: 3234)


Started POST "/adicionar_usuario" for ::1 at 2024-04-24 18:06:48 -0300
Processing by UsuariosController#adicionar_usuario as HTML
  Parameters: {"authenticity_token"=>"[FILTERED]", "nome"=>"isaac", "email"=>"", "password"=>"[FILTERED]", "commit"=>"Enviar"}
  Rendering layout layouts/application.html.erb
  Rendering usuarios/adicionar_usuario.html.erb within layouts/application
  Rendered usuarios/adicionar_usuario.html.erb within layouts/application (Duration: 0.5ms | Allocations: 215)
  Rendered layout layouts/application.html.erb (Duration: 2.7ms | Allocations: 1113)
Completed 200 OK in 5ms (Views: 3.3ms | Allocations: 1735)


Started GET "/usuarios/cadastro" for ::1 at 2024-04-24 18:10:34 -0300
Processing by UsuariosController#cadastro as HTML
  Rendering layout layouts/application.html.erb
  Rendering usuarios/cadastro.html.erb within layouts/application
  Rendered usuarios/cadastro.html.erb within layouts/application (Duration: 1.9ms | Allocations: 1643)
  Rendered layout layouts/application.html.erb (Duration: 2.3ms | Allocations: 1735)
Completed 500 Internal Server Error in 5ms (Allocations: 2573)


  
ActionView::Template::Error (No route matches {:action=>"adicionar_usuario", :controller=>"usuarios"}):
    1: <h1>Adicionar Usuario</h1>
    2: <%= form_tag({ controller: 'usuarios', action: 'adicionar_usuario' }, method: 'post') do %>
    3:     <label for="nome">Nome: </label>
    4:     <%= text_field_tag 'nome', nil %>
    5: 
  
app/views/usuarios/cadastro.html.erb:2
Started GET "/usuarios/cadastro" for ::1 at 2024-04-24 18:10:53 -0300
Processing by UsuariosController#cadastro as HTML
  Rendering layout layouts/application.html.erb
  Rendering usuarios/cadastro.html.erb within layouts/application
  Rendered usuarios/cadastro.html.erb within layouts/application (Duration: 2.2ms | Allocations: 1234)
  Rendered layout layouts/application.html.erb (Duration: 4.5ms | Allocations: 2372)
Completed 200 OK in 8ms (Views: 6.1ms | Allocations: 3228)


Started POST "/usuarios/cadastro" for ::1 at 2024-04-24 18:10:58 -0300
  
ActionController::RoutingError (No route matches [POST] "/usuarios/cadastro"):
  
Started GET "/usuarios/cadastro" for ::1 at 2024-04-24 18:11:15 -0300
Processing by UsuariosController#cadastro as HTML
  Rendering layout layouts/application.html.erb
  Rendering usuarios/cadastro.html.erb within layouts/application
  Rendered usuarios/cadastro.html.erb within layouts/application (Duration: 2.0ms | Allocations: 1226)
  Rendered layout layouts/application.html.erb (Duration: 5.6ms | Allocations: 2364)
Completed 200 OK in 8ms (Views: 7.2ms | Allocations: 3215)


Started POST "/usuarios/confirmacao" for ::1 at 2024-04-24 18:11:22 -0300
Processing by UsuariosController#confirmacao as HTML
  Parameters: {"authenticity_token"=>"[FILTERED]", "nome"=>"isaac", "email"=>"ibrds@hotmail.com", "password"=>"[FILTERED]", "commit"=>"Enviar"}
  Rendering layout layouts/application.html.erb
  Rendering usuarios/confirmacao.html.erb within layouts/application
  Rendered usuarios/confirmacao.html.erb within layouts/application (Duration: 0.8ms | Allocations: 1069)
  Rendered layout layouts/application.html.erb (Duration: 1.1ms | Allocations: 1160)
Completed 500 Internal Server Error in 3ms (Allocations: 1836)


  
ActionView::Template::Error (undefined method `each' for nil):
    1: <% @usuarios.each do |usuario| %>
    2:     <%= usuario.nome %>
    3: <% end %>
  
app/views/usuarios/confirmacao.html.erb:1
Started POST "/usuarios/confirmacao" for ::1 at 2024-04-24 18:14:00 -0300
Processing by UsuariosController#confirmacao as HTML
  Parameters: {"authenticity_token"=>"[FILTERED]", "nome"=>"isaac", "email"=>"ibrds@hotmail.com", "password"=>"[FILTERED]", "commit"=>"Enviar"}
  Rendering layout layouts/application.html.erb
  Rendering usuarios/confirmacao.html.erb within layouts/application
  Rendered usuarios/confirmacao.html.erb within layouts/application (Duration: 0.4ms | Allocations: 143)
  Rendered layout layouts/application.html.erb (Duration: 3.1ms | Allocations: 1291)
Completed 200 OK in 6ms (Views: 5.0ms | Allocations: 2538)


Started POST "/usuarios/confirmacao" for ::1 at 2024-04-24 18:14:13 -0300
Processing by UsuariosController#confirmacao as HTML
  Parameters: {"authenticity_token"=>"[FILTERED]", "nome"=>"isaac", "email"=>"ibrds@hotmail.com", "password"=>"[FILTERED]", "commit"=>"Enviar"}
  Rendering layout layouts/application.html.erb
  Rendering usuarios/confirmacao.html.erb within layouts/application
  Rendered usuarios/confirmacao.html.erb within layouts/application (Duration: 0.6ms | Allocations: 152)
  Rendered layout layouts/application.html.erb (Duration: 3.5ms | Allocations: 1286)
Completed 200 OK in 7ms (Views: 5.1ms | Allocations: 2547)


Started GET "/" for ::1 at 2024-04-24 18:17:35 -0300
Processing by WelcomeController#index as HTML
  Rendering layout layouts/application.html.erb
  Rendering welcome/index.html.erb within layouts/application
  Rendered welcome/index.html.erb within layouts/application (Duration: 1.1ms | Allocations: 1175)
  Rendered layout layouts/application.html.erb (Duration: 1.4ms | Allocations: 1267)
Completed 500 Internal Server Error in 4ms (Allocations: 2489)


  
ActionView::Template::Error (undefined local variable or method `price' for an instance of #<Class:0x00007f573560cbe0>):
     9:     <h1>Bem vindo exemplo view</h1>
    10:     <ul>
    11:         <% @produtos.each do |produto| %>
    12:             <li><%= produto['nome'] %> - <%=  formatar_preco(produto['preco']) %></li>
    13:         <% end %>
    14:     </ul>
    15: 
  
app/helpers/welcome_helper.rb:3:in `formatar_preco'
app/views/welcome/index.html.erb:12
app/views/welcome/index.html.erb:11:in `each'
app/views/welcome/index.html.erb:11
Started GET "/" for ::1 at 2024-04-24 18:17:47 -0300
Processing by WelcomeController#index as HTML
  Rendering layout layouts/application.html.erb
  Rendering welcome/index.html.erb within layouts/application
  Rendered welcome/index.html.erb within layouts/application (Duration: 19.0ms | Allocations: 2919)
  Rendered layout layouts/application.html.erb (Duration: 22.1ms | Allocations: 4057)
Completed 200 OK in 27ms (Views: 24.6ms | Allocations: 5294)


Started GET "/" for ::1 at 2024-04-24 18:17:54 -0300
Processing by WelcomeController#index as HTML
  Rendering layout layouts/application.html.erb
  Rendering welcome/index.html.erb within layouts/application
  Rendered welcome/index.html.erb within layouts/application (Duration: 3.8ms | Allocations: 1112)
  Rendered layout layouts/application.html.erb (Duration: 9.6ms | Allocations: 2250)
Completed 200 OK in 15ms (Views: 12.3ms | Allocations: 3501)


Started GET "/" for ::1 at 2024-04-24 18:22:15 -0300
Processing by WelcomeController#index as HTML
  Rendering layout layouts/application.html.erb
  Rendering welcome/index.html.erb within layouts/application
  Rendered welcome/index.html.erb within layouts/application (Duration: 4.6ms | Allocations: 1118)
  Rendered layout layouts/application.html.erb (Duration: 91.2ms | Allocations: 16075)
Completed 200 OK in 96ms (Views: 94.7ms | Allocations: 17322)


