  [1m[35m (58.9ms)[0m  [1m[35mCREATE DATABASE "model_development" ENCODING = 'unicode'[0m
  [1m[35m (3.7ms)[0m  [1m[35mCREATE TABLE "schema_migrations" ("version" character varying NOT NULL PRIMARY KEY)[0m
  [1m[35m (3.0ms)[0m  [1m[35mCREATE TABLE "ar_internal_metadata" ("key" character varying NOT NULL PRIMARY KEY, "value" character varying, "created_at" timestamp(6) NOT NULL, "updated_at" timestamp(6) NOT NULL)[0m
  [1m[35m (0.1ms)[0m  [1m[34mSELECT pg_try_advisory_lock(6023084887701342510)[0m
  [1m[36mActiveRecord::SchemaMigration Load (0.3ms)[0m  [1m[34mSELECT "schema_migrations"."version" FROM "schema_migrations" ORDER BY "schema_migrations"."version" ASC[0m
  [1m[36mActiveRecord::InternalMetadata Load (0.4ms)[0m  [1m[34mSELECT * FROM "ar_internal_metadata" WHERE "ar_internal_metadata"."key" = $1 ORDER BY "ar_internal_metadata"."key" ASC LIMIT 1[0m  [[nil, "environment"]]
  [1m[36mActiveRecord::InternalMetadata Create (0.8ms)[0m  [1m[32mINSERT INTO "ar_internal_metadata" ("key", "value", "created_at", "updated_at") VALUES ('environment', 'development', '2024-04-23 23:21:58.830188', '2024-04-23 23:21:58.830191') RETURNING "key"[0m
  [1m[35m (0.1ms)[0m  [1m[34mSELECT pg_advisory_unlock(6023084887701342510)[0m
  [1m[36mActiveRecord::SchemaMigration Load (0.1ms)[0m  [1m[34mSELECT "schema_migrations"."version" FROM "schema_migrations" ORDER BY "schema_migrations"."version" ASC[0m
  [1m[35m (20.1ms)[0m  [1m[35mCREATE DATABASE "model_test" ENCODING = 'unicode'[0m
  [1m[35mSQL (0.2ms)[0m  [1m[35mCREATE EXTENSION IF NOT EXISTS "plpgsql"[0m
  [1m[35m (8.6ms)[0m  [1m[35mCREATE TABLE "schema_migrations" ("version" character varying NOT NULL PRIMARY KEY)[0m
  [1m[36mActiveRecord::SchemaMigration Load (0.3ms)[0m  [1m[34mSELECT "schema_migrations"."version" FROM "schema_migrations" ORDER BY "schema_migrations"."version" ASC[0m
  [1m[35m (0.9ms)[0m  [1m[32mINSERT INTO "schema_migrations" (version) VALUES (0)[0m
  [1m[35m (2.4ms)[0m  [1m[35mCREATE TABLE "ar_internal_metadata" ("key" character varying NOT NULL PRIMARY KEY, "value" character varying, "created_at" timestamp(6) NOT NULL, "updated_at" timestamp(6) NOT NULL)[0m
  [1m[36mActiveRecord::InternalMetadata Load (0.3ms)[0m  [1m[34mSELECT * FROM "ar_internal_metadata" WHERE "ar_internal_metadata"."key" = $1 ORDER BY "ar_internal_metadata"."key" ASC LIMIT 1[0m  [[nil, "environment"]]
  [1m[36mActiveRecord::InternalMetadata Create (0.7ms)[0m  [1m[32mINSERT INTO "ar_internal_metadata" ("key", "value", "created_at", "updated_at") VALUES ('environment', 'development', '2024-04-23 23:21:58.893127', '2024-04-23 23:21:58.893129') RETURNING "key"[0m
  [1m[36mActiveRecord::InternalMetadata Load (0.1ms)[0m  [1m[34mSELECT * FROM "ar_internal_metadata" WHERE "ar_internal_metadata"."key" = $1 ORDER BY "ar_internal_metadata"."key" ASC LIMIT 1[0m  [[nil, "environment"]]
  [1m[36mActiveRecord::InternalMetadata Update (0.7ms)[0m  [1m[33mUPDATE "ar_internal_metadata" SET "value" = 'test', "updated_at" = '2024-04-23 23:21:58.895452' WHERE "ar_internal_metadata"."key" = 'environment'[0m
  [1m[36mActiveRecord::InternalMetadata Load (0.1ms)[0m  [1m[34mSELECT * FROM "ar_internal_metadata" WHERE "ar_internal_metadata"."key" = $1 ORDER BY "ar_internal_metadata"."key" ASC LIMIT 1[0m  [[nil, "schema_sha1"]]
  [1m[36mActiveRecord::InternalMetadata Create (0.7ms)[0m  [1m[32mINSERT INTO "ar_internal_metadata" ("key", "value", "created_at", "updated_at") VALUES ('schema_sha1', '34f0d9df3e6593e2828215d39b5de559fd82053b', '2024-04-23 23:21:58.897533', '2024-04-23 23:21:58.897535') RETURNING "key"[0m
  [1m[35m (0.1ms)[0m  [1m[34mSELECT pg_try_advisory_lock(8446017094638390015)[0m
  [1m[36mActiveRecord::SchemaMigration Load (0.1ms)[0m  [1m[34mSELECT "schema_migrations"."version" FROM "schema_migrations" ORDER BY "schema_migrations"."version" ASC[0m
  [1m[36mActiveRecord::InternalMetadata Load (0.1ms)[0m  [1m[34mSELECT * FROM "ar_internal_metadata" WHERE "ar_internal_metadata"."key" = $1 ORDER BY "ar_internal_metadata"."key" ASC LIMIT 1[0m  [[nil, "environment"]]
  [1m[35m (0.1ms)[0m  [1m[34mSELECT pg_advisory_unlock(8446017094638390015)[0m
  [1m[36mActiveRecord::SchemaMigration Load (0.1ms)[0m  [1m[34mSELECT "schema_migrations"."version" FROM "schema_migrations" ORDER BY "schema_migrations"."version" ASC[0m
  [1m[35m (0.1ms)[0m  [1m[34mSELECT pg_try_advisory_lock(6023084887701342510)[0m
  [1m[36mActiveRecord::SchemaMigration Load (0.4ms)[0m  [1m[34mSELECT "schema_migrations"."version" FROM "schema_migrations" ORDER BY "schema_migrations"."version" ASC[0m
  [1m[36mActiveRecord::InternalMetadata Load (0.3ms)[0m  [1m[34mSELECT * FROM "ar_internal_metadata" WHERE "ar_internal_metadata"."key" = $1 ORDER BY "ar_internal_metadata"."key" ASC LIMIT 1[0m  [[nil, "environment"]]
Migrating to CreateProducts (20240423232450)
  [1m[36mTRANSACTION (0.1ms)[0m  [1m[35mBEGIN[0m
  [1m[35m (3.0ms)[0m  [1m[35mCREATE TABLE "products" ("id" bigserial primary key, "name" character varying, "created_at" timestamp(6) NOT NULL, "updated_at" timestamp(6) NOT NULL)[0m
  [1m[36mActiveRecord::SchemaMigration Create (0.3ms)[0m  [1m[32mINSERT INTO "schema_migrations" ("version") VALUES ('20240423232450') RETURNING "version"[0m
  [1m[36mTRANSACTION (1.6ms)[0m  [1m[35mCOMMIT[0m
  [1m[35m (0.1ms)[0m  [1m[34mSELECT pg_advisory_unlock(6023084887701342510)[0m
  [1m[36mActiveRecord::SchemaMigration Load (0.3ms)[0m  [1m[34mSELECT "schema_migrations"."version" FROM "schema_migrations" ORDER BY "schema_migrations"."version" ASC[0m
  [1m[36mTRANSACTION (0.1ms)[0m  [1m[35mBEGIN[0m
  [1m[36mProduct Create (0.8ms)[0m  [1m[32mINSERT INTO "products" ("name", "created_at", "updated_at") VALUES ($1, $2, $3) RETURNING "id"[0m  [["name", "arroz"], ["created_at", "2024-04-23 23:30:33.651832"], ["updated_at", "2024-04-23 23:30:33.651832"]]
  [1m[36mTRANSACTION (0.7ms)[0m  [1m[35mCOMMIT[0m
  [1m[36mTRANSACTION (0.4ms)[0m  [1m[35mBEGIN[0m
  [1m[36mProduct Create (1.7ms)[0m  [1m[32mINSERT INTO "products" ("name", "created_at", "updated_at") VALUES ($1, $2, $3) RETURNING "id"[0m  [["name", "feijão"], ["created_at", "2024-04-23 23:30:58.990150"], ["updated_at", "2024-04-23 23:30:58.990150"]]
  [1m[36mTRANSACTION (1.4ms)[0m  [1m[35mCOMMIT[0m
  [1m[36mTRANSACTION (0.2ms)[0m  [1m[35mBEGIN[0m
  [1m[36mProduct Exists? (1.1ms)[0m  [1m[34mSELECT 1 AS one FROM "products" WHERE "products"."name" IS NULL LIMIT $1[0m  [["LIMIT", 1]]
  [1m[36mTRANSACTION (0.2ms)[0m  [1m[31mROLLBACK[0m
  [1m[36mTRANSACTION (0.3ms)[0m  [1m[35mBEGIN[0m
  [1m[36mProduct Exists? (2.0ms)[0m  [1m[34mSELECT 1 AS one FROM "products" WHERE "products"."name" = $1 LIMIT $2[0m  [["name", "feijao"], ["LIMIT", 1]]
  [1m[36mProduct Create (1.0ms)[0m  [1m[32mINSERT INTO "products" ("name", "created_at", "updated_at") VALUES ($1, $2, $3) RETURNING "id"[0m  [["name", "feijao"], ["created_at", "2024-04-24 00:00:53.763822"], ["updated_at", "2024-04-24 00:00:53.763822"]]
  [1m[36mTRANSACTION (1.9ms)[0m  [1m[35mCOMMIT[0m
  [1m[36mTRANSACTION (0.2ms)[0m  [1m[35mBEGIN[0m
  [1m[36mProduct Exists? (0.5ms)[0m  [1m[34mSELECT 1 AS one FROM "products" WHERE "products"."name" = $1 LIMIT $2[0m  [["name", "feijao"], ["LIMIT", 1]]
  [1m[36mTRANSACTION (0.1ms)[0m  [1m[31mROLLBACK[0m
  [1m[36mActiveRecord::SchemaMigration Load (0.3ms)[0m  [1m[34mSELECT "schema_migrations"."version" FROM "schema_migrations" ORDER BY "schema_migrations"."version" ASC[0m
  [1m[36mTRANSACTION (0.1ms)[0m  [1m[35mBEGIN[0m
  [1m[36mProduct Exists? (1.6ms)[0m  [1m[34mSELECT 1 AS one FROM "products" WHERE "products"."name" = $1 LIMIT $2[0m  [["name", "Aerodynamic Cotton Hat"], ["LIMIT", 1]]
  [1m[36mProduct Create (0.2ms)[0m  [1m[32mINSERT INTO "products" ("name", "created_at", "updated_at") VALUES ($1, $2, $3) RETURNING "id"[0m  [["name", "Aerodynamic Cotton Hat"], ["created_at", "2024-04-24 00:04:59.673892"], ["updated_at", "2024-04-24 00:04:59.673892"]]
  [1m[36mTRANSACTION (0.7ms)[0m  [1m[35mCOMMIT[0m
  [1m[36mTRANSACTION (0.1ms)[0m  [1m[35mBEGIN[0m
  [1m[36mProduct Exists? (1.1ms)[0m  [1m[34mSELECT 1 AS one FROM "products" WHERE "products"."name" = $1 LIMIT $2[0m  [["name", "Sleek Copper Bag"], ["LIMIT", 1]]
  [1m[36mProduct Create (0.2ms)[0m  [1m[32mINSERT INTO "products" ("name", "created_at", "updated_at") VALUES ($1, $2, $3) RETURNING "id"[0m  [["name", "Sleek Copper Bag"], ["created_at", "2024-04-24 00:04:59.679630"], ["updated_at", "2024-04-24 00:04:59.679630"]]
  [1m[36mTRANSACTION (0.7ms)[0m  [1m[35mCOMMIT[0m
  [1m[36mTRANSACTION (0.1ms)[0m  [1m[35mBEGIN[0m
  [1m[36mProduct Exists? (1.3ms)[0m  [1m[34mSELECT 1 AS one FROM "products" WHERE "products"."name" = $1 LIMIT $2[0m  [["name", "Awesome Iron Bottle"], ["LIMIT", 1]]
  [1m[36mProduct Create (0.2ms)[0m  [1m[32mINSERT INTO "products" ("name", "created_at", "updated_at") VALUES ($1, $2, $3) RETURNING "id"[0m  [["name", "Awesome Iron Bottle"], ["created_at", "2024-04-24 00:04:59.685664"], ["updated_at", "2024-04-24 00:04:59.685664"]]
  [1m[36mTRANSACTION (0.7ms)[0m  [1m[35mCOMMIT[0m
  [1m[36mTRANSACTION (0.1ms)[0m  [1m[35mBEGIN[0m
  [1m[36mProduct Exists? (1.3ms)[0m  [1m[34mSELECT 1 AS one FROM "products" WHERE "products"."name" = $1 LIMIT $2[0m  [["name", "Small Iron Pants"], ["LIMIT", 1]]
  [1m[36mProduct Create (0.2ms)[0m  [1m[32mINSERT INTO "products" ("name", "created_at", "updated_at") VALUES ($1, $2, $3) RETURNING "id"[0m  [["name", "Small Iron Pants"], ["created_at", "2024-04-24 00:04:59.691583"], ["updated_at", "2024-04-24 00:04:59.691583"]]
  [1m[36mTRANSACTION (1.5ms)[0m  [1m[35mCOMMIT[0m
  [1m[36mTRANSACTION (0.1ms)[0m  [1m[35mBEGIN[0m
  [1m[36mProduct Exists? (1.5ms)[0m  [1m[34mSELECT 1 AS one FROM "products" WHERE "products"."name" = $1 LIMIT $2[0m  [["name", "Lightweight Cotton Hat"], ["LIMIT", 1]]
  [1m[36mProduct Create (0.2ms)[0m  [1m[32mINSERT INTO "products" ("name", "created_at", "updated_at") VALUES ($1, $2, $3) RETURNING "id"[0m  [["name", "Lightweight Cotton Hat"], ["created_at", "2024-04-24 00:04:59.699699"], ["updated_at", "2024-04-24 00:04:59.699699"]]
  [1m[36mTRANSACTION (0.9ms)[0m  [1m[35mCOMMIT[0m
  [1m[36mTRANSACTION (0.1ms)[0m  [1m[35mBEGIN[0m
  [1m[36mProduct Exists? (1.5ms)[0m  [1m[34mSELECT 1 AS one FROM "products" WHERE "products"."name" = $1 LIMIT $2[0m  [["name", "Synergistic Aluminum Car"], ["LIMIT", 1]]
  [1m[36mProduct Create (0.2ms)[0m  [1m[32mINSERT INTO "products" ("name", "created_at", "updated_at") VALUES ($1, $2, $3) RETURNING "id"[0m  [["name", "Synergistic Aluminum Car"], ["created_at", "2024-04-24 00:04:59.706279"], ["updated_at", "2024-04-24 00:04:59.706279"]]
  [1m[36mTRANSACTION (0.9ms)[0m  [1m[35mCOMMIT[0m
  [1m[36mTRANSACTION (0.1ms)[0m  [1m[35mBEGIN[0m
  [1m[36mProduct Exists? (1.1ms)[0m  [1m[34mSELECT 1 AS one FROM "products" WHERE "products"."name" = $1 LIMIT $2[0m  [["name", "Small Silk Wallet"], ["LIMIT", 1]]
  [1m[36mProduct Create (0.2ms)[0m  [1m[32mINSERT INTO "products" ("name", "created_at", "updated_at") VALUES ($1, $2, $3) RETURNING "id"[0m  [["name", "Small Silk Wallet"], ["created_at", "2024-04-24 00:04:59.711489"], ["updated_at", "2024-04-24 00:04:59.711489"]]
  [1m[36mTRANSACTION (0.8ms)[0m  [1m[35mCOMMIT[0m
  [1m[36mTRANSACTION (0.1ms)[0m  [1m[35mBEGIN[0m
  [1m[36mProduct Exists? (1.0ms)[0m  [1m[34mSELECT 1 AS one FROM "products" WHERE "products"."name" = $1 LIMIT $2[0m  [["name", "Sleek Wool Shoes"], ["LIMIT", 1]]
  [1m[36mProduct Create (0.2ms)[0m  [1m[32mINSERT INTO "products" ("name", "created_at", "updated_at") VALUES ($1, $2, $3) RETURNING "id"[0m  [["name", "Sleek Wool Shoes"], ["created_at", "2024-04-24 00:04:59.715952"], ["updated_at", "2024-04-24 00:04:59.715952"]]
  [1m[36mTRANSACTION (0.8ms)[0m  [1m[35mCOMMIT[0m
  [1m[36mTRANSACTION (0.1ms)[0m  [1m[35mBEGIN[0m
  [1m[36mProduct Exists? (1.0ms)[0m  [1m[34mSELECT 1 AS one FROM "products" WHERE "products"."name" = $1 LIMIT $2[0m  [["name", "Lightweight Plastic Bottle"], ["LIMIT", 1]]
  [1m[36mProduct Create (0.2ms)[0m  [1m[32mINSERT INTO "products" ("name", "created_at", "updated_at") VALUES ($1, $2, $3) RETURNING "id"[0m  [["name", "Lightweight Plastic Bottle"], ["created_at", "2024-04-24 00:04:59.720371"], ["updated_at", "2024-04-24 00:04:59.720371"]]
  [1m[36mTRANSACTION (0.7ms)[0m  [1m[35mCOMMIT[0m
  [1m[36mTRANSACTION (0.1ms)[0m  [1m[35mBEGIN[0m
  [1m[36mProduct Exists? (0.9ms)[0m  [1m[34mSELECT 1 AS one FROM "products" WHERE "products"."name" = $1 LIMIT $2[0m  [["name", "Awesome Granite Lamp"], ["LIMIT", 1]]
  [1m[36mProduct Create (0.2ms)[0m  [1m[32mINSERT INTO "products" ("name", "created_at", "updated_at") VALUES ($1, $2, $3) RETURNING "id"[0m  [["name", "Awesome Granite Lamp"], ["created_at", "2024-04-24 00:04:59.724585"], ["updated_at", "2024-04-24 00:04:59.724585"]]
  [1m[36mTRANSACTION (0.8ms)[0m  [1m[35mCOMMIT[0m
  [1m[36mProduct Load (0.3ms)[0m  [1m[34mSELECT "products".* FROM "products" /* loading for pp */ LIMIT $1[0m  [["LIMIT", 11]]
  [1m[36mProduct Count (0.9ms)[0m  [1m[34mSELECT COUNT(*) FROM "products"[0m
  [1m[35m (0.2ms)[0m  [1m[34mSELECT pg_try_advisory_lock(6023084887701342510)[0m
  [1m[36mActiveRecord::SchemaMigration Load (0.4ms)[0m  [1m[34mSELECT "schema_migrations"."version" FROM "schema_migrations" ORDER BY "schema_migrations"."version" ASC[0m
  [1m[36mActiveRecord::InternalMetadata Load (0.4ms)[0m  [1m[34mSELECT * FROM "ar_internal_metadata" WHERE "ar_internal_metadata"."key" = $1 ORDER BY "ar_internal_metadata"."key" ASC LIMIT 1[0m  [[nil, "environment"]]
Migrating to CreateAuthors (20240424001152)
  [1m[36mTRANSACTION (0.1ms)[0m  [1m[35mBEGIN[0m
  [1m[35m (3.6ms)[0m  [1m[35mCREATE TABLE "authors" ("id" bigserial primary key, "name" character varying, "created_at" timestamp(6) NOT NULL, "updated_at" timestamp(6) NOT NULL)[0m
  [1m[36mActiveRecord::SchemaMigration Create (0.2ms)[0m  [1m[32mINSERT INTO "schema_migrations" ("version") VALUES ('20240424001152') RETURNING "version"[0m
  [1m[36mTRANSACTION (0.9ms)[0m  [1m[35mCOMMIT[0m
Migrating to CreateBooks (20240424001153)
  [1m[36mTRANSACTION (0.1ms)[0m  [1m[35mBEGIN[0m
  [1m[35m (3.7ms)[0m  [1m[35mCREATE TABLE "books" ("id" bigserial primary key, "name" character varying, "author_id" bigint NOT NULL, "created_at" timestamp(6) NOT NULL, "updated_at" timestamp(6) NOT NULL, CONSTRAINT "fk_rails_53d51ce16a"
FOREIGN KEY ("author_id")
  REFERENCES "authors" ("id")
)[0m
  [1m[35m (0.8ms)[0m  [1m[35mCREATE INDEX "index_books_on_author_id" ON "books" ("author_id")[0m
  [1m[36mActiveRecord::SchemaMigration Create (0.1ms)[0m  [1m[32mINSERT INTO "schema_migrations" ("version") VALUES ('20240424001153') RETURNING "version"[0m
  [1m[36mTRANSACTION (0.7ms)[0m  [1m[35mCOMMIT[0m
  [1m[35m (0.1ms)[0m  [1m[34mSELECT pg_advisory_unlock(6023084887701342510)[0m
  [1m[36mActiveRecord::SchemaMigration Load (0.1ms)[0m  [1m[34mSELECT "schema_migrations"."version" FROM "schema_migrations" ORDER BY "schema_migrations"."version" ASC[0m
  [1m[36mTRANSACTION (0.1ms)[0m  [1m[35mBEGIN[0m
  [1m[36mAuthor Create (0.7ms)[0m  [1m[32mINSERT INTO "authors" ("name", "created_at", "updated_at") VALUES ($1, $2, $3) RETURNING "id"[0m  [["name", "Isaac"], ["created_at", "2024-04-24 00:13:19.000386"], ["updated_at", "2024-04-24 00:13:19.000386"]]
  [1m[36mTRANSACTION (0.7ms)[0m  [1m[35mCOMMIT[0m
  [1m[36mAuthor Load (0.6ms)[0m  [1m[34mSELECT "authors".* FROM "authors" ORDER BY "authors"."id" DESC LIMIT $1[0m  [["LIMIT", 1]]
  [1m[36mTRANSACTION (0.2ms)[0m  [1m[35mBEGIN[0m
  [1m[36mBook Create (1.6ms)[0m  [1m[32mINSERT INTO "books" ("name", "author_id", "created_at", "updated_at") VALUES ($1, $2, $3, $4) RETURNING "id"[0m  [["name", "Aprendendo Ruby"], ["author_id", 1], ["created_at", "2024-04-24 00:14:08.581733"], ["updated_at", "2024-04-24 00:14:08.581733"]]
  [1m[36mTRANSACTION (1.1ms)[0m  [1m[35mCOMMIT[0m
  [1m[36mAuthor Load (1.2ms)[0m  [1m[34mSELECT "authors".* FROM "authors" ORDER BY "authors"."id" DESC LIMIT $1[0m  [["LIMIT", 1]]
  [1m[36mTRANSACTION (0.4ms)[0m  [1m[35mBEGIN[0m
  [1m[36mBook Create (1.9ms)[0m  [1m[32mINSERT INTO "books" ("name", "author_id", "created_at", "updated_at") VALUES ($1, $2, $3, $4) RETURNING "id"[0m  [["name", "Aprendendo Rails"], ["author_id", 1], ["created_at", "2024-04-24 00:14:20.946269"], ["updated_at", "2024-04-24 00:14:20.946269"]]
  [1m[36mTRANSACTION (1.8ms)[0m  [1m[35mCOMMIT[0m
  [1m[35m (0.1ms)[0m  [1m[34mSELECT pg_try_advisory_lock(6023084887701342510)[0m
  [1m[36mActiveRecord::SchemaMigration Load (0.4ms)[0m  [1m[34mSELECT "schema_migrations"."version" FROM "schema_migrations" ORDER BY "schema_migrations"."version" ASC[0m
  [1m[36mActiveRecord::InternalMetadata Load (0.5ms)[0m  [1m[34mSELECT * FROM "ar_internal_metadata" WHERE "ar_internal_metadata"."key" = $1 ORDER BY "ar_internal_metadata"."key" ASC LIMIT 1[0m  [[nil, "environment"]]
Migrating to CreateBiographs (20240424001548)
  [1m[36mTRANSACTION (0.1ms)[0m  [1m[35mBEGIN[0m
  [1m[35m (3.7ms)[0m  [1m[35mCREATE TABLE "biographs" ("id" bigserial primary key, "content" character varying, "author_id" bigint NOT NULL, "created_at" timestamp(6) NOT NULL, "updated_at" timestamp(6) NOT NULL, CONSTRAINT "fk_rails_9163450884"
FOREIGN KEY ("author_id")
  REFERENCES "authors" ("id")
)[0m
  [1m[35m (1.1ms)[0m  [1m[35mCREATE INDEX "index_biographs_on_author_id" ON "biographs" ("author_id")[0m
  [1m[36mActiveRecord::SchemaMigration Create (0.1ms)[0m  [1m[32mINSERT INTO "schema_migrations" ("version") VALUES ('20240424001548') RETURNING "version"[0m
  [1m[36mTRANSACTION (0.7ms)[0m  [1m[35mCOMMIT[0m
  [1m[35m (0.1ms)[0m  [1m[34mSELECT pg_advisory_unlock(6023084887701342510)[0m
  [1m[36mActiveRecord::SchemaMigration Load (0.1ms)[0m  [1m[34mSELECT "schema_migrations"."version" FROM "schema_migrations" ORDER BY "schema_migrations"."version" ASC[0m
  [1m[36mAuthor Load (0.7ms)[0m  [1m[34mSELECT "authors".* FROM "authors" ORDER BY "authors"."id" DESC LIMIT $1[0m  [["LIMIT", 1]]
  [1m[36mTRANSACTION (0.2ms)[0m  [1m[35mBEGIN[0m
  [1m[36mBiograph Create (1.2ms)[0m  [1m[32mINSERT INTO "biographs" ("content", "author_id", "created_at", "updated_at") VALUES ($1, $2, $3, $4) RETURNING "id"[0m  [["content", "Vida Legal"], ["author_id", 1], ["created_at", "2024-04-24 00:17:20.044443"], ["updated_at", "2024-04-24 00:17:20.044443"]]
  [1m[36mTRANSACTION (1.0ms)[0m  [1m[35mCOMMIT[0m
  [1m[36mTRANSACTION (0.4ms)[0m  [1m[35mBEGIN[0m
  [1m[36mBiograph Create (2.1ms)[0m  [1m[32mINSERT INTO "biographs" ("content", "author_id", "created_at", "updated_at") VALUES ($1, $2, $3, $4) RETURNING "id"[0m  [["content", "Vida Topzera"], ["author_id", 1], ["created_at", "2024-04-24 00:17:27.524389"], ["updated_at", "2024-04-24 00:17:27.524389"]]
  [1m[36mTRANSACTION (1.8ms)[0m  [1m[35mCOMMIT[0m
