Started GET "/" for ::1 at 2024-04-24 09:42:20 -0300
Processing by Rails::WelcomeController#index as HTML
  Rendering /home/isaac/.rbenv/versions/3.3.0/lib/ruby/gems/3.3.0/gems/railties-7.1.3.2/lib/rails/templates/rails/welcome/index.html.erb
  Rendered /home/isaac/.rbenv/versions/3.3.0/lib/ruby/gems/3.3.0/gems/railties-7.1.3.2/lib/rails/templates/rails/welcome/index.html.erb (Duration: 1.0ms | Allocations: 375)
Completed 200 OK in 64ms (Views: 35.1ms | Allocations: 6336)


Started GET "/" for ::1 at 2024-04-24 09:49:15 -0300
Processing by Rails::WelcomeController#index as HTML
  Rendering /home/isaac/.rbenv/versions/3.3.0/lib/ruby/gems/3.3.0/gems/railties-7.1.3.2/lib/rails/templates/rails/welcome/index.html.erb
  Rendered /home/isaac/.rbenv/versions/3.3.0/lib/ruby/gems/3.3.0/gems/railties-7.1.3.2/lib/rails/templates/rails/welcome/index.html.erb (Duration: 2.3ms | Allocations: 375)
Completed 200 OK in 9ms (Views: 5.4ms | Allocations: 3606)


Started GET "/simple" for ::1 at 2024-04-24 09:49:20 -0300
Processing by SimpleController#hello as HTML
Completed 200 OK in 1ms (Views: 0.3ms | Allocations: 229)


Started GET "/simple" for ::1 at 2024-04-24 09:49:44 -0300
Processing by SimpleController#hello as JSON
Completed 200 OK in 1ms (Views: 0.2ms | Allocations: 146)


Started GET "/simple" for ::1 at 2024-04-24 09:54:32 -0300
Processing by SimpleController#hello as JSON
Completed 200 OK in 1ms (Views: 0.2ms | Allocations: 146)


Started GET "/user" for ::1 at 2024-04-24 09:54:36 -0300
  
ActionController::RoutingError (No route matches [GET] "/user"):
  
Started GET "/user/show" for ::1 at 2024-04-24 09:54:40 -0300
  
ActionController::RoutingError (No route matches [GET] "/user/show"):
  
Started GET "/user/show/1" for ::1 at 2024-04-24 09:54:53 -0300
Processing by UserController#show as JSON
  Parameters: {"id"=>"1"}
Completed 500 Internal Server Error in 1ms (Allocations: 456)


  
NameError (undefined local variable or method `id' for an instance of UserController):
  
app/controllers/user_controller.rb:4:in `show'
Started GET "/user/show/1" for ::1 at 2024-04-24 09:55:04 -0300
Processing by UserController#show as JSON
  Parameters: {"id"=>"1"}
Completed 200 OK in 1ms (Views: 0.2ms | Allocations: 160)


